mode: set
github.com/movewp3/keycloakclient-controller/api/v1alpha1/keycloak_types.go:78.13,80.2 1 1
github.com/movewp3/keycloakclient-controller/api/v1alpha1/keycloak_types.go:82.85,84.2 1 0
github.com/movewp3/keycloakclient-controller/api/v1alpha1/keycloakclient_types.go:387.13,389.2 1 1
github.com/movewp3/keycloakclient-controller/api/v1alpha1/keycloakclient_types.go:391.91,393.2 1 0
github.com/movewp3/keycloakclient-controller/api/v1alpha1/keycloakclient_types.go:395.95,397.2 1 0
github.com/movewp3/keycloakclient-controller/api/v1alpha1/keycloakrealm_types.go:211.13,213.2 1 1
github.com/movewp3/keycloakclient-controller/api/v1alpha1/keycloakrealm_types.go:215.90,217.2 1 0
github.com/movewp3/keycloakclient-controller/api/v1alpha1/util.go:3.131,5.31 1 1
github.com/movewp3/keycloakclient-controller/api/v1alpha1/util.go:5.31,7.3 1 1
github.com/movewp3/keycloakclient-controller/api/v1alpha1/util.go:10.2,10.47 1 1
github.com/movewp3/keycloakclient-controller/api/v1alpha1/util.go:10.47,11.26 1 1
github.com/movewp3/keycloakclient-controller/api/v1alpha1/util.go:11.26,13.4 1 0
github.com/movewp3/keycloakclient-controller/api/v1alpha1/util.go:16.2,19.27 2 1
github.com/movewp3/keycloakclient-controller/api/v1alpha1/util.go:22.115,24.30 2 1
github.com/movewp3/keycloakclient-controller/api/v1alpha1/util.go:24.30,25.24 1 1
github.com/movewp3/keycloakclient-controller/api/v1alpha1/util.go:25.24,28.9 3 1
github.com/movewp3/keycloakclient-controller/api/v1alpha1/zz_generated.deepcopy.go:30.89,32.24 2 0
github.com/movewp3/keycloakclient-controller/api/v1alpha1/zz_generated.deepcopy.go:32.24,35.22 3 0
github.com/movewp3/keycloakclient-controller/api/v1alpha1/zz_generated.deepcopy.go:35.22,37.4 1 0
github.com/movewp3/keycloakclient-controller/api/v1alpha1/zz_generated.deepcopy.go:42.82,43.15 1 0
github.com/movewp3/keycloakclient-controller/api/v1alpha1/zz_generated.deepcopy.go:43.15,45.3 1 0
github.com/movewp3/keycloakclient-controller/api/v1alpha1/zz_generated.deepcopy.go:46.2,48.12 3 0
github.com/movewp3/keycloakclient-controller/api/v1alpha1/zz_generated.deepcopy.go:52.67,54.2 1 0
github.com/movewp3/keycloakclient-controller/api/v1alpha1/zz_generated.deepcopy.go:57.60,58.15 1 0
github.com/movewp3/keycloakclient-controller/api/v1alpha1/zz_generated.deepcopy.go:58.15,60.3 1 0
github.com/movewp3/keycloakclient-controller/api/v1alpha1/zz_generated.deepcopy.go:61.2,63.12 3 0
github.com/movewp3/keycloakclient-controller/api/v1alpha1/zz_generated.deepcopy.go:67.49,73.2 5 0
github.com/movewp3/keycloakclient-controller/api/v1alpha1/zz_generated.deepcopy.go:76.42,77.15 1 0
github.com/movewp3/keycloakclient-controller/api/v1alpha1/zz_generated.deepcopy.go:77.15,79.3 1 0
github.com/movewp3/keycloakclient-controller/api/v1alpha1/zz_generated.deepcopy.go:80.2,82.12 3 0
github.com/movewp3/keycloakclient-controller/api/v1alpha1/zz_generated.deepcopy.go:86.53,87.34 1 0
github.com/movewp3/keycloakclient-controller/api/v1alpha1/zz_generated.deepcopy.go:87.34,89.3 1 0
github.com/movewp3/keycloakclient-controller/api/v1alpha1/zz_generated.deepcopy.go:90.2,90.12 1 0
github.com/movewp3/keycloakclient-controller/api/v1alpha1/zz_generated.deepcopy.go:94.67,96.28 2 0
github.com/movewp3/keycloakclient-controller/api/v1alpha1/zz_generated.deepcopy.go:96.28,100.3 3 0
github.com/movewp3/keycloakclient-controller/api/v1alpha1/zz_generated.deepcopy.go:101.2,101.28 1 0
github.com/movewp3/keycloakclient-controller/api/v1alpha1/zz_generated.deepcopy.go:101.28,105.3 3 0
github.com/movewp3/keycloakclient-controller/api/v1alpha1/zz_generated.deepcopy.go:106.2,106.26 1 0
github.com/movewp3/keycloakclient-controller/api/v1alpha1/zz_generated.deepcopy.go:106.26,110.3 3 0
github.com/movewp3/keycloakclient-controller/api/v1alpha1/zz_generated.deepcopy.go:111.2,111.26 1 0
github.com/movewp3/keycloakclient-controller/api/v1alpha1/zz_generated.deepcopy.go:111.26,114.29 3 0
github.com/movewp3/keycloakclient-controller/api/v1alpha1/zz_generated.deepcopy.go:114.29,116.4 1 0
github.com/movewp3/keycloakclient-controller/api/v1alpha1/zz_generated.deepcopy.go:118.2,118.32 1 0
github.com/movewp3/keycloakclient-controller/api/v1alpha1/zz_generated.deepcopy.go:118.32,122.3 3 0
github.com/movewp3/keycloakclient-controller/api/v1alpha1/zz_generated.deepcopy.go:123.2,123.31 1 0
github.com/movewp3/keycloakclient-controller/api/v1alpha1/zz_generated.deepcopy.go:123.31,126.22 3 0
github.com/movewp3/keycloakclient-controller/api/v1alpha1/zz_generated.deepcopy.go:126.22,128.4 1 0
github.com/movewp3/keycloakclient-controller/api/v1alpha1/zz_generated.deepcopy.go:130.2,130.22 1 0
github.com/movewp3/keycloakclient-controller/api/v1alpha1/zz_generated.deepcopy.go:130.22,133.29 3 0
github.com/movewp3/keycloakclient-controller/api/v1alpha1/zz_generated.deepcopy.go:133.29,135.4 1 0
github.com/movewp3/keycloakclient-controller/api/v1alpha1/zz_generated.deepcopy.go:137.2,137.36 1 0
github.com/movewp3/keycloakclient-controller/api/v1alpha1/zz_generated.deepcopy.go:137.36,141.3 3 0
github.com/movewp3/keycloakclient-controller/api/v1alpha1/zz_generated.deepcopy.go:142.2,142.35 1 0
github.com/movewp3/keycloakclient-controller/api/v1alpha1/zz_generated.deepcopy.go:142.35,146.3 3 0
github.com/movewp3/keycloakclient-controller/api/v1alpha1/zz_generated.deepcopy.go:147.2,147.37 1 0
github.com/movewp3/keycloakclient-controller/api/v1alpha1/zz_generated.deepcopy.go:147.37,151.3 3 0
github.com/movewp3/keycloakclient-controller/api/v1alpha1/zz_generated.deepcopy.go:152.2,152.50 1 0
github.com/movewp3/keycloakclient-controller/api/v1alpha1/zz_generated.deepcopy.go:152.50,155.29 3 0
github.com/movewp3/keycloakclient-controller/api/v1alpha1/zz_generated.deepcopy.go:155.29,157.4 1 0
github.com/movewp3/keycloakclient-controller/api/v1alpha1/zz_generated.deepcopy.go:162.60,163.15 1 0
github.com/movewp3/keycloakclient-controller/api/v1alpha1/zz_generated.deepcopy.go:163.15,165.3 1 0
github.com/movewp3/keycloakclient-controller/api/v1alpha1/zz_generated.deepcopy.go:166.2,168.12 3 0
github.com/movewp3/keycloakclient-controller/api/v1alpha1/zz_generated.deepcopy.go:172.65,174.28 2 0
github.com/movewp3/keycloakclient-controller/api/v1alpha1/zz_generated.deepcopy.go:174.28,177.22 3 0
github.com/movewp3/keycloakclient-controller/api/v1alpha1/zz_generated.deepcopy.go:177.22,179.4 1 0
github.com/movewp3/keycloakclient-controller/api/v1alpha1/zz_generated.deepcopy.go:181.2,181.27 1 0
github.com/movewp3/keycloakclient-controller/api/v1alpha1/zz_generated.deepcopy.go:181.27,185.3 3 0
github.com/movewp3/keycloakclient-controller/api/v1alpha1/zz_generated.deepcopy.go:189.58,190.15 1 0
github.com/movewp3/keycloakclient-controller/api/v1alpha1/zz_generated.deepcopy.go:190.15,192.3 1 0
github.com/movewp3/keycloakclient-controller/api/v1alpha1/zz_generated.deepcopy.go:193.2,195.12 3 0
github.com/movewp3/keycloakclient-controller/api/v1alpha1/zz_generated.deepcopy.go:199.63,201.26 2 0
github.com/movewp3/keycloakclient-controller/api/v1alpha1/zz_generated.deepcopy.go:201.26,205.3 3 0
github.com/movewp3/keycloakclient-controller/api/v1alpha1/zz_generated.deepcopy.go:206.2,206.27 1 0
github.com/movewp3/keycloakclient-controller/api/v1alpha1/zz_generated.deepcopy.go:206.27,209.29 3 0
github.com/movewp3/keycloakclient-controller/api/v1alpha1/zz_generated.deepcopy.go:209.29,211.18 2 0
github.com/movewp3/keycloakclient-controller/api/v1alpha1/zz_generated.deepcopy.go:211.18,213.5 1 0
github.com/movewp3/keycloakclient-controller/api/v1alpha1/zz_generated.deepcopy.go:213.10,218.5 4 0
github.com/movewp3/keycloakclient-controller/api/v1alpha1/zz_generated.deepcopy.go:219.4,219.24 1 0
github.com/movewp3/keycloakclient-controller/api/v1alpha1/zz_generated.deepcopy.go:222.2,222.31 1 0
github.com/movewp3/keycloakclient-controller/api/v1alpha1/zz_generated.deepcopy.go:222.31,226.3 3 0
github.com/movewp3/keycloakclient-controller/api/v1alpha1/zz_generated.deepcopy.go:227.2,227.22 1 0
github.com/movewp3/keycloakclient-controller/api/v1alpha1/zz_generated.deepcopy.go:227.22,231.3 3 0
github.com/movewp3/keycloakclient-controller/api/v1alpha1/zz_generated.deepcopy.go:232.2,232.35 1 0
github.com/movewp3/keycloakclient-controller/api/v1alpha1/zz_generated.deepcopy.go:232.35,236.3 3 0
github.com/movewp3/keycloakclient-controller/api/v1alpha1/zz_generated.deepcopy.go:237.2,237.27 1 0
github.com/movewp3/keycloakclient-controller/api/v1alpha1/zz_generated.deepcopy.go:237.27,241.3 3 0
github.com/movewp3/keycloakclient-controller/api/v1alpha1/zz_generated.deepcopy.go:242.2,242.26 1 0
github.com/movewp3/keycloakclient-controller/api/v1alpha1/zz_generated.deepcopy.go:242.26,245.29 3 0
github.com/movewp3/keycloakclient-controller/api/v1alpha1/zz_generated.deepcopy.go:245.29,247.18 2 0
github.com/movewp3/keycloakclient-controller/api/v1alpha1/zz_generated.deepcopy.go:247.18,249.5 1 0
github.com/movewp3/keycloakclient-controller/api/v1alpha1/zz_generated.deepcopy.go:249.10,254.5 4 0
github.com/movewp3/keycloakclient-controller/api/v1alpha1/zz_generated.deepcopy.go:255.4,255.24 1 0
github.com/movewp3/keycloakclient-controller/api/v1alpha1/zz_generated.deepcopy.go:261.56,262.15 1 0
github.com/movewp3/keycloakclient-controller/api/v1alpha1/zz_generated.deepcopy.go:262.15,264.3 1 0
github.com/movewp3/keycloakclient-controller/api/v1alpha1/zz_generated.deepcopy.go:265.2,267.12 3 0
github.com/movewp3/keycloakclient-controller/api/v1alpha1/zz_generated.deepcopy.go:271.61,277.2 5 0
github.com/movewp3/keycloakclient-controller/api/v1alpha1/zz_generated.deepcopy.go:280.54,281.15 1 0
github.com/movewp3/keycloakclient-controller/api/v1alpha1/zz_generated.deepcopy.go:281.15,283.3 1 0
github.com/movewp3/keycloakclient-controller/api/v1alpha1/zz_generated.deepcopy.go:284.2,286.12 3 0
github.com/movewp3/keycloakclient-controller/api/v1alpha1/zz_generated.deepcopy.go:290.59,291.34 1 0
github.com/movewp3/keycloakclient-controller/api/v1alpha1/zz_generated.deepcopy.go:291.34,293.3 1 0
github.com/movewp3/keycloakclient-controller/api/v1alpha1/zz_generated.deepcopy.go:294.2,294.12 1 0
github.com/movewp3/keycloakclient-controller/api/v1alpha1/zz_generated.deepcopy.go:298.69,302.21 4 0
github.com/movewp3/keycloakclient-controller/api/v1alpha1/zz_generated.deepcopy.go:302.21,305.22 3 0
github.com/movewp3/keycloakclient-controller/api/v1alpha1/zz_generated.deepcopy.go:305.22,307.4 1 0
github.com/movewp3/keycloakclient-controller/api/v1alpha1/zz_generated.deepcopy.go:312.62,313.15 1 0
github.com/movewp3/keycloakclient-controller/api/v1alpha1/zz_generated.deepcopy.go:313.15,315.3 1 0
github.com/movewp3/keycloakclient-controller/api/v1alpha1/zz_generated.deepcopy.go:316.2,318.12 3 0
github.com/movewp3/keycloakclient-controller/api/v1alpha1/zz_generated.deepcopy.go:322.63,323.34 1 0
github.com/movewp3/keycloakclient-controller/api/v1alpha1/zz_generated.deepcopy.go:323.34,325.3 1 0
github.com/movewp3/keycloakclient-controller/api/v1alpha1/zz_generated.deepcopy.go:326.2,326.12 1 0
github.com/movewp3/keycloakclient-controller/api/v1alpha1/zz_generated.deepcopy.go:330.71,332.26 2 0
github.com/movewp3/keycloakclient-controller/api/v1alpha1/zz_generated.deepcopy.go:332.26,335.29 3 0
github.com/movewp3/keycloakclient-controller/api/v1alpha1/zz_generated.deepcopy.go:335.29,337.4 1 0
github.com/movewp3/keycloakclient-controller/api/v1alpha1/zz_generated.deepcopy.go:339.2,339.31 1 0
github.com/movewp3/keycloakclient-controller/api/v1alpha1/zz_generated.deepcopy.go:339.31,342.22 3 0
github.com/movewp3/keycloakclient-controller/api/v1alpha1/zz_generated.deepcopy.go:342.22,344.4 1 0
github.com/movewp3/keycloakclient-controller/api/v1alpha1/zz_generated.deepcopy.go:349.64,350.15 1 0
github.com/movewp3/keycloakclient-controller/api/v1alpha1/zz_generated.deepcopy.go:350.15,352.3 1 0
github.com/movewp3/keycloakclient-controller/api/v1alpha1/zz_generated.deepcopy.go:353.2,355.12 3 0
github.com/movewp3/keycloakclient-controller/api/v1alpha1/zz_generated.deepcopy.go:359.69,361.29 2 0
github.com/movewp3/keycloakclient-controller/api/v1alpha1/zz_generated.deepcopy.go:361.29,365.3 3 0
github.com/movewp3/keycloakclient-controller/api/v1alpha1/zz_generated.deepcopy.go:366.2,366.22 1 0
github.com/movewp3/keycloakclient-controller/api/v1alpha1/zz_generated.deepcopy.go:366.22,370.3 3 0
github.com/movewp3/keycloakclient-controller/api/v1alpha1/zz_generated.deepcopy.go:371.2,371.21 1 0
github.com/movewp3/keycloakclient-controller/api/v1alpha1/zz_generated.deepcopy.go:371.21,374.22 3 0
github.com/movewp3/keycloakclient-controller/api/v1alpha1/zz_generated.deepcopy.go:374.22,376.4 1 0
github.com/movewp3/keycloakclient-controller/api/v1alpha1/zz_generated.deepcopy.go:378.2,378.29 1 0
github.com/movewp3/keycloakclient-controller/api/v1alpha1/zz_generated.deepcopy.go:378.29,382.3 3 0
github.com/movewp3/keycloakclient-controller/api/v1alpha1/zz_generated.deepcopy.go:383.2,383.40 1 0
github.com/movewp3/keycloakclient-controller/api/v1alpha1/zz_generated.deepcopy.go:383.40,387.3 3 0
github.com/movewp3/keycloakclient-controller/api/v1alpha1/zz_generated.deepcopy.go:388.2,388.41 1 0
github.com/movewp3/keycloakclient-controller/api/v1alpha1/zz_generated.deepcopy.go:388.41,391.29 3 0
github.com/movewp3/keycloakclient-controller/api/v1alpha1/zz_generated.deepcopy.go:391.29,393.18 2 0
github.com/movewp3/keycloakclient-controller/api/v1alpha1/zz_generated.deepcopy.go:393.18,395.5 1 0
github.com/movewp3/keycloakclient-controller/api/v1alpha1/zz_generated.deepcopy.go:395.10,400.5 4 0
github.com/movewp3/keycloakclient-controller/api/v1alpha1/zz_generated.deepcopy.go:401.4,401.24 1 0
github.com/movewp3/keycloakclient-controller/api/v1alpha1/zz_generated.deepcopy.go:407.62,408.15 1 0
github.com/movewp3/keycloakclient-controller/api/v1alpha1/zz_generated.deepcopy.go:408.15,410.3 1 0
github.com/movewp3/keycloakclient-controller/api/v1alpha1/zz_generated.deepcopy.go:411.2,413.12 3 0
github.com/movewp3/keycloakclient-controller/api/v1alpha1/zz_generated.deepcopy.go:417.73,419.34 2 0
github.com/movewp3/keycloakclient-controller/api/v1alpha1/zz_generated.deepcopy.go:419.34,422.29 3 0
github.com/movewp3/keycloakclient-controller/api/v1alpha1/zz_generated.deepcopy.go:422.29,424.18 2 0
github.com/movewp3/keycloakclient-controller/api/v1alpha1/zz_generated.deepcopy.go:424.18,426.5 1 0
github.com/movewp3/keycloakclient-controller/api/v1alpha1/zz_generated.deepcopy.go:426.10,431.5 4 0
github.com/movewp3/keycloakclient-controller/api/v1alpha1/zz_generated.deepcopy.go:432.4,432.24 1 0
github.com/movewp3/keycloakclient-controller/api/v1alpha1/zz_generated.deepcopy.go:438.66,439.15 1 0
github.com/movewp3/keycloakclient-controller/api/v1alpha1/zz_generated.deepcopy.go:439.15,441.3 1 0
github.com/movewp3/keycloakclient-controller/api/v1alpha1/zz_generated.deepcopy.go:442.2,444.12 3 0
github.com/movewp3/keycloakclient-controller/api/v1alpha1/zz_generated.deepcopy.go:448.69,450.2 1 0
github.com/movewp3/keycloakclient-controller/api/v1alpha1/zz_generated.deepcopy.go:453.62,454.15 1 0
github.com/movewp3/keycloakclient-controller/api/v1alpha1/zz_generated.deepcopy.go:454.15,456.3 1 0
github.com/movewp3/keycloakclient-controller/api/v1alpha1/zz_generated.deepcopy.go:457.2,459.12 3 0
github.com/movewp3/keycloakclient-controller/api/v1alpha1/zz_generated.deepcopy.go:463.65,465.2 1 0
github.com/movewp3/keycloakclient-controller/api/v1alpha1/zz_generated.deepcopy.go:468.58,469.15 1 0
github.com/movewp3/keycloakclient-controller/api/v1alpha1/zz_generated.deepcopy.go:469.15,471.3 1 0
github.com/movewp3/keycloakclient-controller/api/v1alpha1/zz_generated.deepcopy.go:472.2,474.12 3 0
github.com/movewp3/keycloakclient-controller/api/v1alpha1/zz_generated.deepcopy.go:478.57,482.21 4 0
github.com/movewp3/keycloakclient-controller/api/v1alpha1/zz_generated.deepcopy.go:482.21,485.22 3 0
github.com/movewp3/keycloakclient-controller/api/v1alpha1/zz_generated.deepcopy.go:485.22,487.4 1 0
github.com/movewp3/keycloakclient-controller/api/v1alpha1/zz_generated.deepcopy.go:492.50,493.15 1 0
github.com/movewp3/keycloakclient-controller/api/v1alpha1/zz_generated.deepcopy.go:493.15,495.3 1 0
github.com/movewp3/keycloakclient-controller/api/v1alpha1/zz_generated.deepcopy.go:496.2,498.12 3 0
github.com/movewp3/keycloakclient-controller/api/v1alpha1/zz_generated.deepcopy.go:502.57,503.34 1 0
github.com/movewp3/keycloakclient-controller/api/v1alpha1/zz_generated.deepcopy.go:503.34,505.3 1 0
github.com/movewp3/keycloakclient-controller/api/v1alpha1/zz_generated.deepcopy.go:506.2,506.12 1 0
github.com/movewp3/keycloakclient-controller/api/v1alpha1/zz_generated.deepcopy.go:510.61,512.22 2 0
github.com/movewp3/keycloakclient-controller/api/v1alpha1/zz_generated.deepcopy.go:512.22,515.29 3 0
github.com/movewp3/keycloakclient-controller/api/v1alpha1/zz_generated.deepcopy.go:515.29,517.4 1 0
github.com/movewp3/keycloakclient-controller/api/v1alpha1/zz_generated.deepcopy.go:519.2,519.24 1 0
github.com/movewp3/keycloakclient-controller/api/v1alpha1/zz_generated.deepcopy.go:519.24,523.3 3 0
github.com/movewp3/keycloakclient-controller/api/v1alpha1/zz_generated.deepcopy.go:524.2,524.25 1 0
github.com/movewp3/keycloakclient-controller/api/v1alpha1/zz_generated.deepcopy.go:524.25,528.3 3 0
github.com/movewp3/keycloakclient-controller/api/v1alpha1/zz_generated.deepcopy.go:529.2,529.29 1 0
github.com/movewp3/keycloakclient-controller/api/v1alpha1/zz_generated.deepcopy.go:529.29,532.22 3 0
github.com/movewp3/keycloakclient-controller/api/v1alpha1/zz_generated.deepcopy.go:532.22,534.4 1 0
github.com/movewp3/keycloakclient-controller/api/v1alpha1/zz_generated.deepcopy.go:536.2,536.22 1 0
github.com/movewp3/keycloakclient-controller/api/v1alpha1/zz_generated.deepcopy.go:536.22,540.3 3 0
github.com/movewp3/keycloakclient-controller/api/v1alpha1/zz_generated.deepcopy.go:541.2,541.26 1 0
github.com/movewp3/keycloakclient-controller/api/v1alpha1/zz_generated.deepcopy.go:541.26,544.22 3 0
github.com/movewp3/keycloakclient-controller/api/v1alpha1/zz_generated.deepcopy.go:544.22,546.4 1 0
github.com/movewp3/keycloakclient-controller/api/v1alpha1/zz_generated.deepcopy.go:551.54,552.15 1 0
github.com/movewp3/keycloakclient-controller/api/v1alpha1/zz_generated.deepcopy.go:552.15,554.3 1 0
github.com/movewp3/keycloakclient-controller/api/v1alpha1/zz_generated.deepcopy.go:555.2,557.12 3 0
github.com/movewp3/keycloakclient-controller/api/v1alpha1/zz_generated.deepcopy.go:561.77,563.22 2 0
github.com/movewp3/keycloakclient-controller/api/v1alpha1/zz_generated.deepcopy.go:563.22,566.29 3 0
github.com/movewp3/keycloakclient-controller/api/v1alpha1/zz_generated.deepcopy.go:566.29,568.4 1 0
github.com/movewp3/keycloakclient-controller/api/v1alpha1/zz_generated.deepcopy.go:573.70,574.15 1 0
github.com/movewp3/keycloakclient-controller/api/v1alpha1/zz_generated.deepcopy.go:574.15,576.3 1 0
github.com/movewp3/keycloakclient-controller/api/v1alpha1/zz_generated.deepcopy.go:577.2,579.12 3 0
github.com/movewp3/keycloakclient-controller/api/v1alpha1/zz_generated.deepcopy.go:583.59,589.2 5 0
github.com/movewp3/keycloakclient-controller/api/v1alpha1/zz_generated.deepcopy.go:592.52,593.15 1 0
github.com/movewp3/keycloakclient-controller/api/v1alpha1/zz_generated.deepcopy.go:593.15,595.3 1 0
github.com/movewp3/keycloakclient-controller/api/v1alpha1/zz_generated.deepcopy.go:596.2,598.12 3 0
github.com/movewp3/keycloakclient-controller/api/v1alpha1/zz_generated.deepcopy.go:602.58,603.34 1 0
github.com/movewp3/keycloakclient-controller/api/v1alpha1/zz_generated.deepcopy.go:603.34,605.3 1 0
github.com/movewp3/keycloakclient-controller/api/v1alpha1/zz_generated.deepcopy.go:606.2,606.12 1 0
github.com/movewp3/keycloakclient-controller/api/v1alpha1/zz_generated.deepcopy.go:610.67,614.21 4 0
github.com/movewp3/keycloakclient-controller/api/v1alpha1/zz_generated.deepcopy.go:614.21,617.22 3 0
github.com/movewp3/keycloakclient-controller/api/v1alpha1/zz_generated.deepcopy.go:617.22,619.4 1 0
github.com/movewp3/keycloakclient-controller/api/v1alpha1/zz_generated.deepcopy.go:624.60,625.15 1 0
github.com/movewp3/keycloakclient-controller/api/v1alpha1/zz_generated.deepcopy.go:625.15,627.3 1 0
github.com/movewp3/keycloakclient-controller/api/v1alpha1/zz_generated.deepcopy.go:628.2,630.12 3 0
github.com/movewp3/keycloakclient-controller/api/v1alpha1/zz_generated.deepcopy.go:634.62,635.34 1 0
github.com/movewp3/keycloakclient-controller/api/v1alpha1/zz_generated.deepcopy.go:635.34,637.3 1 0
github.com/movewp3/keycloakclient-controller/api/v1alpha1/zz_generated.deepcopy.go:638.2,638.12 1 0
github.com/movewp3/keycloakclient-controller/api/v1alpha1/zz_generated.deepcopy.go:642.67,644.32 2 0
github.com/movewp3/keycloakclient-controller/api/v1alpha1/zz_generated.deepcopy.go:644.32,648.3 3 0
github.com/movewp3/keycloakclient-controller/api/v1alpha1/zz_generated.deepcopy.go:649.2,649.21 1 0
github.com/movewp3/keycloakclient-controller/api/v1alpha1/zz_generated.deepcopy.go:649.21,653.3 3 0
github.com/movewp3/keycloakclient-controller/api/v1alpha1/zz_generated.deepcopy.go:657.60,658.15 1 0
github.com/movewp3/keycloakclient-controller/api/v1alpha1/zz_generated.deepcopy.go:658.15,660.3 1 0
github.com/movewp3/keycloakclient-controller/api/v1alpha1/zz_generated.deepcopy.go:661.2,663.12 3 0
github.com/movewp3/keycloakclient-controller/api/v1alpha1/zz_generated.deepcopy.go:667.71,669.34 2 0
github.com/movewp3/keycloakclient-controller/api/v1alpha1/zz_generated.deepcopy.go:669.34,672.29 3 0
github.com/movewp3/keycloakclient-controller/api/v1alpha1/zz_generated.deepcopy.go:672.29,674.18 2 0
github.com/movewp3/keycloakclient-controller/api/v1alpha1/zz_generated.deepcopy.go:674.18,676.5 1 0
github.com/movewp3/keycloakclient-controller/api/v1alpha1/zz_generated.deepcopy.go:676.10,681.5 4 0
github.com/movewp3/keycloakclient-controller/api/v1alpha1/zz_generated.deepcopy.go:682.4,682.24 1 0
github.com/movewp3/keycloakclient-controller/api/v1alpha1/zz_generated.deepcopy.go:688.64,689.15 1 0
github.com/movewp3/keycloakclient-controller/api/v1alpha1/zz_generated.deepcopy.go:689.15,691.3 1 0
github.com/movewp3/keycloakclient-controller/api/v1alpha1/zz_generated.deepcopy.go:692.2,694.12 3 0
github.com/movewp3/keycloakclient-controller/api/v1alpha1/zz_generated.deepcopy.go:698.65,700.26 2 0
github.com/movewp3/keycloakclient-controller/api/v1alpha1/zz_generated.deepcopy.go:700.26,703.29 3 0
github.com/movewp3/keycloakclient-controller/api/v1alpha1/zz_generated.deepcopy.go:703.29,705.4 1 0
github.com/movewp3/keycloakclient-controller/api/v1alpha1/zz_generated.deepcopy.go:707.2,707.20 1 0
github.com/movewp3/keycloakclient-controller/api/v1alpha1/zz_generated.deepcopy.go:707.20,711.3 3 0
github.com/movewp3/keycloakclient-controller/api/v1alpha1/zz_generated.deepcopy.go:712.2,712.22 1 0
github.com/movewp3/keycloakclient-controller/api/v1alpha1/zz_generated.deepcopy.go:712.22,715.22 3 0
github.com/movewp3/keycloakclient-controller/api/v1alpha1/zz_generated.deepcopy.go:715.22,717.4 1 0
github.com/movewp3/keycloakclient-controller/api/v1alpha1/zz_generated.deepcopy.go:722.58,723.15 1 0
github.com/movewp3/keycloakclient-controller/api/v1alpha1/zz_generated.deepcopy.go:723.15,725.3 1 0
github.com/movewp3/keycloakclient-controller/api/v1alpha1/zz_generated.deepcopy.go:726.2,728.12 3 0
github.com/movewp3/keycloakclient-controller/api/v1alpha1/zz_generated.deepcopy.go:732.77,734.24 2 0
github.com/movewp3/keycloakclient-controller/api/v1alpha1/zz_generated.deepcopy.go:734.24,737.22 3 0
github.com/movewp3/keycloakclient-controller/api/v1alpha1/zz_generated.deepcopy.go:737.22,739.4 1 0
github.com/movewp3/keycloakclient-controller/api/v1alpha1/zz_generated.deepcopy.go:741.2,741.25 1 0
github.com/movewp3/keycloakclient-controller/api/v1alpha1/zz_generated.deepcopy.go:741.25,744.22 3 0
github.com/movewp3/keycloakclient-controller/api/v1alpha1/zz_generated.deepcopy.go:744.22,746.4 1 0
github.com/movewp3/keycloakclient-controller/api/v1alpha1/zz_generated.deepcopy.go:748.2,748.22 1 0
github.com/movewp3/keycloakclient-controller/api/v1alpha1/zz_generated.deepcopy.go:748.22,751.22 3 0
github.com/movewp3/keycloakclient-controller/api/v1alpha1/zz_generated.deepcopy.go:751.22,753.4 1 0
github.com/movewp3/keycloakclient-controller/api/v1alpha1/zz_generated.deepcopy.go:758.70,759.15 1 0
github.com/movewp3/keycloakclient-controller/api/v1alpha1/zz_generated.deepcopy.go:759.15,761.3 1 0
github.com/movewp3/keycloakclient-controller/api/v1alpha1/zz_generated.deepcopy.go:762.2,764.12 3 0
github.com/movewp3/keycloakclient-controller/api/v1alpha1/zz_generated.deepcopy.go:768.59,770.24 2 0
github.com/movewp3/keycloakclient-controller/api/v1alpha1/zz_generated.deepcopy.go:770.24,773.22 3 0
github.com/movewp3/keycloakclient-controller/api/v1alpha1/zz_generated.deepcopy.go:773.22,775.4 1 0
github.com/movewp3/keycloakclient-controller/api/v1alpha1/zz_generated.deepcopy.go:777.2,777.25 1 0
github.com/movewp3/keycloakclient-controller/api/v1alpha1/zz_generated.deepcopy.go:777.25,780.22 3 0
github.com/movewp3/keycloakclient-controller/api/v1alpha1/zz_generated.deepcopy.go:780.22,782.4 1 0
github.com/movewp3/keycloakclient-controller/api/v1alpha1/zz_generated.deepcopy.go:787.52,788.15 1 0
github.com/movewp3/keycloakclient-controller/api/v1alpha1/zz_generated.deepcopy.go:788.15,790.3 1 0
github.com/movewp3/keycloakclient-controller/api/v1alpha1/zz_generated.deepcopy.go:791.2,793.12 3 0
github.com/movewp3/keycloakclient-controller/api/v1alpha1/zz_generated.deepcopy.go:797.57,800.2 2 0
github.com/movewp3/keycloakclient-controller/api/v1alpha1/zz_generated.deepcopy.go:803.50,804.15 1 0
github.com/movewp3/keycloakclient-controller/api/v1alpha1/zz_generated.deepcopy.go:804.15,806.3 1 0
github.com/movewp3/keycloakclient-controller/api/v1alpha1/zz_generated.deepcopy.go:807.2,809.12 3 0
github.com/movewp3/keycloakclient-controller/api/v1alpha1/zz_generated.deepcopy.go:813.61,815.34 2 0
github.com/movewp3/keycloakclient-controller/api/v1alpha1/zz_generated.deepcopy.go:815.34,818.29 3 0
github.com/movewp3/keycloakclient-controller/api/v1alpha1/zz_generated.deepcopy.go:818.29,820.18 2 0
github.com/movewp3/keycloakclient-controller/api/v1alpha1/zz_generated.deepcopy.go:820.18,822.5 1 0
github.com/movewp3/keycloakclient-controller/api/v1alpha1/zz_generated.deepcopy.go:822.10,827.5 4 0
github.com/movewp3/keycloakclient-controller/api/v1alpha1/zz_generated.deepcopy.go:828.4,828.24 1 0
github.com/movewp3/keycloakclient-controller/api/v1alpha1/zz_generated.deepcopy.go:834.54,835.15 1 0
github.com/movewp3/keycloakclient-controller/api/v1alpha1/zz_generated.deepcopy.go:835.15,837.3 1 0
github.com/movewp3/keycloakclient-controller/api/v1alpha1/zz_generated.deepcopy.go:838.2,840.12 3 0
github.com/movewp3/keycloakclient-controller/api/v1alpha1/zz_generated.deepcopy.go:844.65,846.2 1 0
github.com/movewp3/keycloakclient-controller/api/v1alpha1/zz_generated.deepcopy.go:849.58,850.15 1 0
github.com/movewp3/keycloakclient-controller/api/v1alpha1/zz_generated.deepcopy.go:850.15,852.3 1 0
github.com/movewp3/keycloakclient-controller/api/v1alpha1/zz_generated.deepcopy.go:853.2,855.12 3 0
github.com/movewp3/keycloakclient-controller/api/v1alpha1/zz_generated.deepcopy.go:859.77,861.30 2 0
github.com/movewp3/keycloakclient-controller/api/v1alpha1/zz_generated.deepcopy.go:861.30,864.29 3 0
github.com/movewp3/keycloakclient-controller/api/v1alpha1/zz_generated.deepcopy.go:864.29,866.4 1 0
github.com/movewp3/keycloakclient-controller/api/v1alpha1/zz_generated.deepcopy.go:868.2,868.29 1 0
github.com/movewp3/keycloakclient-controller/api/v1alpha1/zz_generated.deepcopy.go:868.29,871.22 3 0
github.com/movewp3/keycloakclient-controller/api/v1alpha1/zz_generated.deepcopy.go:871.22,873.4 1 0
github.com/movewp3/keycloakclient-controller/api/v1alpha1/zz_generated.deepcopy.go:878.70,879.15 1 0
github.com/movewp3/keycloakclient-controller/api/v1alpha1/zz_generated.deepcopy.go:879.15,881.3 1 0
github.com/movewp3/keycloakclient-controller/api/v1alpha1/zz_generated.deepcopy.go:882.2,884.12 3 0
github.com/movewp3/keycloakclient-controller/api/v1alpha1/zz_generated.deepcopy.go:888.69,890.26 2 0
github.com/movewp3/keycloakclient-controller/api/v1alpha1/zz_generated.deepcopy.go:890.26,893.29 3 0
github.com/movewp3/keycloakclient-controller/api/v1alpha1/zz_generated.deepcopy.go:893.29,895.18 2 0
github.com/movewp3/keycloakclient-controller/api/v1alpha1/zz_generated.deepcopy.go:895.18,897.5 1 0
github.com/movewp3/keycloakclient-controller/api/v1alpha1/zz_generated.deepcopy.go:897.10,902.5 4 0
github.com/movewp3/keycloakclient-controller/api/v1alpha1/zz_generated.deepcopy.go:903.4,903.24 1 0
github.com/movewp3/keycloakclient-controller/api/v1alpha1/zz_generated.deepcopy.go:906.2,906.26 1 0
github.com/movewp3/keycloakclient-controller/api/v1alpha1/zz_generated.deepcopy.go:906.26,910.3 3 0
github.com/movewp3/keycloakclient-controller/api/v1alpha1/zz_generated.deepcopy.go:911.2,911.25 1 0
github.com/movewp3/keycloakclient-controller/api/v1alpha1/zz_generated.deepcopy.go:911.25,915.3 3 0
github.com/movewp3/keycloakclient-controller/api/v1alpha1/zz_generated.deepcopy.go:916.2,916.26 1 0
github.com/movewp3/keycloakclient-controller/api/v1alpha1/zz_generated.deepcopy.go:916.26,920.3 3 0
github.com/movewp3/keycloakclient-controller/api/v1alpha1/zz_generated.deepcopy.go:924.62,925.15 1 0
github.com/movewp3/keycloakclient-controller/api/v1alpha1/zz_generated.deepcopy.go:925.15,927.3 1 0
github.com/movewp3/keycloakclient-controller/api/v1alpha1/zz_generated.deepcopy.go:928.2,930.12 3 0
github.com/movewp3/keycloakclient-controller/api/v1alpha1/zz_generated.deepcopy.go:934.78,935.2 1 0
github.com/movewp3/keycloakclient-controller/api/v1alpha1/zz_generated.deepcopy.go:935.2,938.22 3 0
github.com/movewp3/keycloakclient-controller/api/v1alpha1/zz_generated.deepcopy.go:938.22,940.4 1 0
github.com/movewp3/keycloakclient-controller/api/v1alpha1/zz_generated.deepcopy.go:945.70,946.15 1 0
github.com/movewp3/keycloakclient-controller/api/v1alpha1/zz_generated.deepcopy.go:946.15,948.3 1 0
github.com/movewp3/keycloakclient-controller/api/v1alpha1/zz_generated.deepcopy.go:949.2,951.13 3 0
github.com/movewp3/keycloakclient-controller/api/v1alpha1/zz_generated.deepcopy.go:955.89,957.22 2 0
github.com/movewp3/keycloakclient-controller/api/v1alpha1/zz_generated.deepcopy.go:957.22,960.29 3 0
github.com/movewp3/keycloakclient-controller/api/v1alpha1/zz_generated.deepcopy.go:960.29,962.18 2 0
github.com/movewp3/keycloakclient-controller/api/v1alpha1/zz_generated.deepcopy.go:962.18,964.5 1 0
github.com/movewp3/keycloakclient-controller/api/v1alpha1/zz_generated.deepcopy.go:964.10,969.5 4 0
github.com/movewp3/keycloakclient-controller/api/v1alpha1/zz_generated.deepcopy.go:970.4,970.24 1 0
github.com/movewp3/keycloakclient-controller/api/v1alpha1/zz_generated.deepcopy.go:973.2,973.21 1 0
github.com/movewp3/keycloakclient-controller/api/v1alpha1/zz_generated.deepcopy.go:973.21,977.3 3 0
github.com/movewp3/keycloakclient-controller/api/v1alpha1/zz_generated.deepcopy.go:981.82,982.15 1 0
github.com/movewp3/keycloakclient-controller/api/v1alpha1/zz_generated.deepcopy.go:982.15,984.3 1 0
github.com/movewp3/keycloakclient-controller/api/v1alpha1/zz_generated.deepcopy.go:985.2,987.12 3 0
github.com/movewp3/keycloakclient-controller/api/v1alpha1/zz_generated.deepcopy.go:991.71,993.22 2 0
github.com/movewp3/keycloakclient-controller/api/v1alpha1/zz_generated.deepcopy.go:993.22,996.29 3 0
github.com/movewp3/keycloakclient-controller/api/v1alpha1/zz_generated.deepcopy.go:996.29,998.18 2 0
github.com/movewp3/keycloakclient-controller/api/v1alpha1/zz_generated.deepcopy.go:998.18,1000.5 1 0
github.com/movewp3/keycloakclient-controller/api/v1alpha1/zz_generated.deepcopy.go:1000.10,1004.24 4 0
github.com/movewp3/keycloakclient-controller/api/v1alpha1/zz_generated.deepcopy.go:1004.24,1006.6 1 0
github.com/movewp3/keycloakclient-controller/api/v1alpha1/zz_generated.deepcopy.go:1008.4,1008.24 1 0
github.com/movewp3/keycloakclient-controller/api/v1alpha1/zz_generated.deepcopy.go:1011.2,1011.21 1 0
github.com/movewp3/keycloakclient-controller/api/v1alpha1/zz_generated.deepcopy.go:1011.21,1014.22 3 0
github.com/movewp3/keycloakclient-controller/api/v1alpha1/zz_generated.deepcopy.go:1014.22,1016.4 1 0
github.com/movewp3/keycloakclient-controller/api/v1alpha1/zz_generated.deepcopy.go:1021.64,1022.15 1 0
github.com/movewp3/keycloakclient-controller/api/v1alpha1/zz_generated.deepcopy.go:1022.15,1024.3 1 0
github.com/movewp3/keycloakclient-controller/api/v1alpha1/zz_generated.deepcopy.go:1025.2,1027.12 3 0
github.com/movewp3/keycloakclient-controller/api/v1alpha1/zz_generated.deepcopy.go:1031.85,1033.21 2 0
github.com/movewp3/keycloakclient-controller/api/v1alpha1/zz_generated.deepcopy.go:1033.21,1037.3 3 0
github.com/movewp3/keycloakclient-controller/api/v1alpha1/zz_generated.deepcopy.go:1041.78,1042.15 1 0
github.com/movewp3/keycloakclient-controller/api/v1alpha1/zz_generated.deepcopy.go:1042.15,1044.3 1 0
github.com/movewp3/keycloakclient-controller/api/v1alpha1/zz_generated.deepcopy.go:1045.2,1047.12 3 0
github.com/movewp3/keycloakclient-controller/api/v1alpha1/zz_generated.deepcopy.go:1051.94,1052.2 1 0
github.com/movewp3/keycloakclient-controller/api/v1alpha1/zz_generated.deepcopy.go:1052.2,1055.22 3 0
github.com/movewp3/keycloakclient-controller/api/v1alpha1/zz_generated.deepcopy.go:1055.22,1057.4 1 0
github.com/movewp3/keycloakclient-controller/api/v1alpha1/zz_generated.deepcopy.go:1062.86,1063.15 1 0
github.com/movewp3/keycloakclient-controller/api/v1alpha1/zz_generated.deepcopy.go:1063.15,1065.3 1 0
github.com/movewp3/keycloakclient-controller/api/v1alpha1/zz_generated.deepcopy.go:1066.2,1068.13 3 0
github.com/movewp3/keycloakclient-controller/api/v1alpha1/zz_generated.deepcopy.go:1072.59,1074.2 1 0
github.com/movewp3/keycloakclient-controller/api/v1alpha1/zz_generated.deepcopy.go:1077.52,1078.15 1 0
github.com/movewp3/keycloakclient-controller/api/v1alpha1/zz_generated.deepcopy.go:1078.15,1080.3 1 0
github.com/movewp3/keycloakclient-controller/api/v1alpha1/zz_generated.deepcopy.go:1081.2,1083.12 3 0
github.com/movewp3/keycloakclient-controller/main.go:59.13,64.2 2 0
github.com/movewp3/keycloakclient-controller/main.go:66.13,93.16 14 0
github.com/movewp3/keycloakclient-controller/main.go:93.16,96.3 2 0
github.com/movewp3/keycloakclient-controller/main.go:98.2,126.16 4 0
github.com/movewp3/keycloakclient-controller/main.go:126.16,129.3 2 0
github.com/movewp3/keycloakclient-controller/main.go:131.2,134.39 1 0
github.com/movewp3/keycloakclient-controller/main.go:134.39,137.3 2 0
github.com/movewp3/keycloakclient-controller/main.go:138.2,141.39 1 0
github.com/movewp3/keycloakclient-controller/main.go:141.39,144.3 2 0
github.com/movewp3/keycloakclient-controller/main.go:145.2,148.39 1 0
github.com/movewp3/keycloakclient-controller/main.go:148.39,151.3 2 0
github.com/movewp3/keycloakclient-controller/main.go:154.2,154.69 1 0
github.com/movewp3/keycloakclient-controller/main.go:154.69,157.3 2 0
github.com/movewp3/keycloakclient-controller/main.go:158.2,158.67 1 0
github.com/movewp3/keycloakclient-controller/main.go:158.67,161.3 2 0
github.com/movewp3/keycloakclient-controller/main.go:163.2,164.61 2 0
github.com/movewp3/keycloakclient-controller/main.go:164.61,167.3 2 0
github.com/movewp3/keycloakclient-controller/pkg/client/clientset/versioned/clientset.go:43.83,45.2 1 0
github.com/movewp3/keycloakclient-controller/pkg/client/clientset/versioned/clientset.go:48.62,49.14 1 0
github.com/movewp3/keycloakclient-controller/pkg/client/clientset/versioned/clientset.go:49.14,51.3 1 0
github.com/movewp3/keycloakclient-controller/pkg/client/clientset/versioned/clientset.go:52.2,52.26 1 0
github.com/movewp3/keycloakclient-controller/pkg/client/clientset/versioned/clientset.go:60.55,63.39 2 0
github.com/movewp3/keycloakclient-controller/pkg/client/clientset/versioned/clientset.go:63.39,65.3 1 0
github.com/movewp3/keycloakclient-controller/pkg/client/clientset/versioned/clientset.go:68.2,69.16 2 0
github.com/movewp3/keycloakclient-controller/pkg/client/clientset/versioned/clientset.go:69.16,71.3 1 0
github.com/movewp3/keycloakclient-controller/pkg/client/clientset/versioned/clientset.go:73.2,73.62 1 0
github.com/movewp3/keycloakclient-controller/pkg/client/clientset/versioned/clientset.go:80.89,82.71 2 0
github.com/movewp3/keycloakclient-controller/pkg/client/clientset/versioned/clientset.go:82.71,83.35 1 0
github.com/movewp3/keycloakclient-controller/pkg/client/clientset/versioned/clientset.go:83.35,85.4 1 0
github.com/movewp3/keycloakclient-controller/pkg/client/clientset/versioned/clientset.go:86.3,86.120 1 0
github.com/movewp3/keycloakclient-controller/pkg/client/clientset/versioned/clientset.go:89.2,92.16 4 0
github.com/movewp3/keycloakclient-controller/pkg/client/clientset/versioned/clientset.go:92.16,94.3 1 0
github.com/movewp3/keycloakclient-controller/pkg/client/clientset/versioned/clientset.go:96.2,97.16 2 0
github.com/movewp3/keycloakclient-controller/pkg/client/clientset/versioned/clientset.go:97.16,99.3 1 0
github.com/movewp3/keycloakclient-controller/pkg/client/clientset/versioned/clientset.go:100.2,100.17 1 0
github.com/movewp3/keycloakclient-controller/pkg/client/clientset/versioned/clientset.go:105.51,107.16 2 0
github.com/movewp3/keycloakclient-controller/pkg/client/clientset/versioned/clientset.go:107.16,108.13 1 0
github.com/movewp3/keycloakclient-controller/pkg/client/clientset/versioned/clientset.go:110.2,110.11 1 0
github.com/movewp3/keycloakclient-controller/pkg/client/clientset/versioned/clientset.go:114.39,120.2 4 0
github.com/movewp3/keycloakclient-controller/pkg/client/clientset/versioned/fake/clientset_generated.go:35.63,37.30 2 0
github.com/movewp3/keycloakclient-controller/pkg/client/clientset/versioned/fake/clientset_generated.go:37.30,38.36 1 0
github.com/movewp3/keycloakclient-controller/pkg/client/clientset/versioned/fake/clientset_generated.go:38.36,39.14 1 0
github.com/movewp3/keycloakclient-controller/pkg/client/clientset/versioned/fake/clientset_generated.go:43.2,46.101 4 0
github.com/movewp3/keycloakclient-controller/pkg/client/clientset/versioned/fake/clientset_generated.go:46.101,50.17 4 0
github.com/movewp3/keycloakclient-controller/pkg/client/clientset/versioned/fake/clientset_generated.go:50.17,52.4 1 0
github.com/movewp3/keycloakclient-controller/pkg/client/clientset/versioned/fake/clientset_generated.go:53.3,53.26 1 0
github.com/movewp3/keycloakclient-controller/pkg/client/clientset/versioned/fake/clientset_generated.go:56.2,56.11 1 0
github.com/movewp3/keycloakclient-controller/pkg/client/clientset/versioned/fake/clientset_generated.go:68.62,70.2 1 0
github.com/movewp3/keycloakclient-controller/pkg/client/clientset/versioned/fake/clientset_generated.go:72.53,74.2 1 0
github.com/movewp3/keycloakclient-controller/pkg/client/clientset/versioned/fake/clientset_generated.go:82.83,84.2 1 0
github.com/movewp3/keycloakclient-controller/pkg/client/clientset/versioned/fake/register.go:52.13,55.2 2 0
github.com/movewp3/keycloakclient-controller/pkg/client/clientset/versioned/typed/keycloak/v1alpha1/fake/fake_keycloak.go:43.125,47.16 2 0
github.com/movewp3/keycloakclient-controller/pkg/client/clientset/versioned/typed/keycloak/v1alpha1/fake/fake_keycloak.go:47.16,49.3 1 0
github.com/movewp3/keycloakclient-controller/pkg/client/clientset/versioned/typed/keycloak/v1alpha1/fake/fake_keycloak.go:50.2,50.38 1 0
github.com/movewp3/keycloakclient-controller/pkg/client/clientset/versioned/typed/keycloak/v1alpha1/fake/fake_keycloak.go:54.115,58.16 2 0
github.com/movewp3/keycloakclient-controller/pkg/client/clientset/versioned/typed/keycloak/v1alpha1/fake/fake_keycloak.go:58.16,60.3 1 0
github.com/movewp3/keycloakclient-controller/pkg/client/clientset/versioned/typed/keycloak/v1alpha1/fake/fake_keycloak.go:62.2,63.18 2 0
github.com/movewp3/keycloakclient-controller/pkg/client/clientset/versioned/typed/keycloak/v1alpha1/fake/fake_keycloak.go:63.18,65.3 1 0
github.com/movewp3/keycloakclient-controller/pkg/client/clientset/versioned/typed/keycloak/v1alpha1/fake/fake_keycloak.go:66.2,67.58 2 0
github.com/movewp3/keycloakclient-controller/pkg/client/clientset/versioned/typed/keycloak/v1alpha1/fake/fake_keycloak.go:67.58,68.45 1 0
github.com/movewp3/keycloakclient-controller/pkg/client/clientset/versioned/typed/keycloak/v1alpha1/fake/fake_keycloak.go:68.45,70.4 1 0
github.com/movewp3/keycloakclient-controller/pkg/client/clientset/versioned/typed/keycloak/v1alpha1/fake/fake_keycloak.go:72.2,72.18 1 0
github.com/movewp3/keycloakclient-controller/pkg/client/clientset/versioned/typed/keycloak/v1alpha1/fake/fake_keycloak.go:76.98,80.2 1 0
github.com/movewp3/keycloakclient-controller/pkg/client/clientset/versioned/typed/keycloak/v1alpha1/fake/fake_keycloak.go:83.144,87.16 2 0
github.com/movewp3/keycloakclient-controller/pkg/client/clientset/versioned/typed/keycloak/v1alpha1/fake/fake_keycloak.go:87.16,89.3 1 0
github.com/movewp3/keycloakclient-controller/pkg/client/clientset/versioned/typed/keycloak/v1alpha1/fake/fake_keycloak.go:90.2,90.38 1 0
github.com/movewp3/keycloakclient-controller/pkg/client/clientset/versioned/typed/keycloak/v1alpha1/fake/fake_keycloak.go:94.144,98.16 2 0
github.com/movewp3/keycloakclient-controller/pkg/client/clientset/versioned/typed/keycloak/v1alpha1/fake/fake_keycloak.go:98.16,100.3 1 0
github.com/movewp3/keycloakclient-controller/pkg/client/clientset/versioned/typed/keycloak/v1alpha1/fake/fake_keycloak.go:101.2,101.38 1 0
github.com/movewp3/keycloakclient-controller/pkg/client/clientset/versioned/typed/keycloak/v1alpha1/fake/fake_keycloak.go:106.139,110.16 2 0
github.com/movewp3/keycloakclient-controller/pkg/client/clientset/versioned/typed/keycloak/v1alpha1/fake/fake_keycloak.go:110.16,112.3 1 0
github.com/movewp3/keycloakclient-controller/pkg/client/clientset/versioned/typed/keycloak/v1alpha1/fake/fake_keycloak.go:113.2,113.38 1 0
github.com/movewp3/keycloakclient-controller/pkg/client/clientset/versioned/typed/keycloak/v1alpha1/fake/fake_keycloak.go:117.95,122.2 2 0
github.com/movewp3/keycloakclient-controller/pkg/client/clientset/versioned/typed/keycloak/v1alpha1/fake/fake_keycloak.go:125.117,130.2 3 0
github.com/movewp3/keycloakclient-controller/pkg/client/clientset/versioned/typed/keycloak/v1alpha1/fake/fake_keycloak.go:133.183,137.16 2 0
github.com/movewp3/keycloakclient-controller/pkg/client/clientset/versioned/typed/keycloak/v1alpha1/fake/fake_keycloak.go:137.16,139.3 1 0
github.com/movewp3/keycloakclient-controller/pkg/client/clientset/versioned/typed/keycloak/v1alpha1/fake/fake_keycloak.go:140.2,140.38 1 0
github.com/movewp3/keycloakclient-controller/pkg/client/clientset/versioned/typed/keycloak/v1alpha1/fake/fake_keycloak_client.go:30.87,32.2 1 0
github.com/movewp3/keycloakclient-controller/pkg/client/clientset/versioned/typed/keycloak/v1alpha1/fake/fake_keycloak_client.go:34.99,36.2 1 0
github.com/movewp3/keycloakclient-controller/pkg/client/clientset/versioned/typed/keycloak/v1alpha1/fake/fake_keycloak_client.go:38.97,40.2 1 0
github.com/movewp3/keycloakclient-controller/pkg/client/clientset/versioned/typed/keycloak/v1alpha1/fake/fake_keycloak_client.go:44.60,47.2 2 0
github.com/movewp3/keycloakclient-controller/pkg/client/clientset/versioned/typed/keycloak/v1alpha1/fake/fake_keycloakclient.go:43.137,47.16 2 0
github.com/movewp3/keycloakclient-controller/pkg/client/clientset/versioned/typed/keycloak/v1alpha1/fake/fake_keycloakclient.go:47.16,49.3 1 0
github.com/movewp3/keycloakclient-controller/pkg/client/clientset/versioned/typed/keycloak/v1alpha1/fake/fake_keycloakclient.go:50.2,50.44 1 0
github.com/movewp3/keycloakclient-controller/pkg/client/clientset/versioned/typed/keycloak/v1alpha1/fake/fake_keycloakclient.go:54.127,58.16 2 0
github.com/movewp3/keycloakclient-controller/pkg/client/clientset/versioned/typed/keycloak/v1alpha1/fake/fake_keycloakclient.go:58.16,60.3 1 0
github.com/movewp3/keycloakclient-controller/pkg/client/clientset/versioned/typed/keycloak/v1alpha1/fake/fake_keycloakclient.go:62.2,63.18 2 0
github.com/movewp3/keycloakclient-controller/pkg/client/clientset/versioned/typed/keycloak/v1alpha1/fake/fake_keycloakclient.go:63.18,65.3 1 0
github.com/movewp3/keycloakclient-controller/pkg/client/clientset/versioned/typed/keycloak/v1alpha1/fake/fake_keycloakclient.go:66.2,67.64 2 0
github.com/movewp3/keycloakclient-controller/pkg/client/clientset/versioned/typed/keycloak/v1alpha1/fake/fake_keycloakclient.go:67.64,68.45 1 0
github.com/movewp3/keycloakclient-controller/pkg/client/clientset/versioned/typed/keycloak/v1alpha1/fake/fake_keycloakclient.go:68.45,70.4 1 0
github.com/movewp3/keycloakclient-controller/pkg/client/clientset/versioned/typed/keycloak/v1alpha1/fake/fake_keycloakclient.go:72.2,72.18 1 0
github.com/movewp3/keycloakclient-controller/pkg/client/clientset/versioned/typed/keycloak/v1alpha1/fake/fake_keycloakclient.go:76.104,80.2 1 0
github.com/movewp3/keycloakclient-controller/pkg/client/clientset/versioned/typed/keycloak/v1alpha1/fake/fake_keycloakclient.go:83.168,87.16 2 0
github.com/movewp3/keycloakclient-controller/pkg/client/clientset/versioned/typed/keycloak/v1alpha1/fake/fake_keycloakclient.go:87.16,89.3 1 0
github.com/movewp3/keycloakclient-controller/pkg/client/clientset/versioned/typed/keycloak/v1alpha1/fake/fake_keycloakclient.go:90.2,90.44 1 0
github.com/movewp3/keycloakclient-controller/pkg/client/clientset/versioned/typed/keycloak/v1alpha1/fake/fake_keycloakclient.go:94.168,98.16 2 0
github.com/movewp3/keycloakclient-controller/pkg/client/clientset/versioned/typed/keycloak/v1alpha1/fake/fake_keycloakclient.go:98.16,100.3 1 0
github.com/movewp3/keycloakclient-controller/pkg/client/clientset/versioned/typed/keycloak/v1alpha1/fake/fake_keycloakclient.go:101.2,101.44 1 0
github.com/movewp3/keycloakclient-controller/pkg/client/clientset/versioned/typed/keycloak/v1alpha1/fake/fake_keycloakclient.go:106.163,110.16 2 0
github.com/movewp3/keycloakclient-controller/pkg/client/clientset/versioned/typed/keycloak/v1alpha1/fake/fake_keycloakclient.go:110.16,112.3 1 0
github.com/movewp3/keycloakclient-controller/pkg/client/clientset/versioned/typed/keycloak/v1alpha1/fake/fake_keycloakclient.go:113.2,113.44 1 0
github.com/movewp3/keycloakclient-controller/pkg/client/clientset/versioned/typed/keycloak/v1alpha1/fake/fake_keycloakclient.go:117.101,122.2 2 0
github.com/movewp3/keycloakclient-controller/pkg/client/clientset/versioned/typed/keycloak/v1alpha1/fake/fake_keycloakclient.go:125.123,130.2 3 0
github.com/movewp3/keycloakclient-controller/pkg/client/clientset/versioned/typed/keycloak/v1alpha1/fake/fake_keycloakclient.go:133.195,137.16 2 0
github.com/movewp3/keycloakclient-controller/pkg/client/clientset/versioned/typed/keycloak/v1alpha1/fake/fake_keycloakclient.go:137.16,139.3 1 0
github.com/movewp3/keycloakclient-controller/pkg/client/clientset/versioned/typed/keycloak/v1alpha1/fake/fake_keycloakclient.go:140.2,140.44 1 0
github.com/movewp3/keycloakclient-controller/pkg/client/clientset/versioned/typed/keycloak/v1alpha1/fake/fake_keycloakrealm.go:43.135,47.16 2 0
github.com/movewp3/keycloakclient-controller/pkg/client/clientset/versioned/typed/keycloak/v1alpha1/fake/fake_keycloakrealm.go:47.16,49.3 1 0
github.com/movewp3/keycloakclient-controller/pkg/client/clientset/versioned/typed/keycloak/v1alpha1/fake/fake_keycloakrealm.go:50.2,50.43 1 0
github.com/movewp3/keycloakclient-controller/pkg/client/clientset/versioned/typed/keycloak/v1alpha1/fake/fake_keycloakrealm.go:54.125,58.16 2 0
github.com/movewp3/keycloakclient-controller/pkg/client/clientset/versioned/typed/keycloak/v1alpha1/fake/fake_keycloakrealm.go:58.16,60.3 1 0
github.com/movewp3/keycloakclient-controller/pkg/client/clientset/versioned/typed/keycloak/v1alpha1/fake/fake_keycloakrealm.go:62.2,63.18 2 0
github.com/movewp3/keycloakclient-controller/pkg/client/clientset/versioned/typed/keycloak/v1alpha1/fake/fake_keycloakrealm.go:63.18,65.3 1 0
github.com/movewp3/keycloakclient-controller/pkg/client/clientset/versioned/typed/keycloak/v1alpha1/fake/fake_keycloakrealm.go:66.2,67.63 2 0
github.com/movewp3/keycloakclient-controller/pkg/client/clientset/versioned/typed/keycloak/v1alpha1/fake/fake_keycloakrealm.go:67.63,68.45 1 0
github.com/movewp3/keycloakclient-controller/pkg/client/clientset/versioned/typed/keycloak/v1alpha1/fake/fake_keycloakrealm.go:68.45,70.4 1 0
github.com/movewp3/keycloakclient-controller/pkg/client/clientset/versioned/typed/keycloak/v1alpha1/fake/fake_keycloakrealm.go:72.2,72.18 1 0
github.com/movewp3/keycloakclient-controller/pkg/client/clientset/versioned/typed/keycloak/v1alpha1/fake/fake_keycloakrealm.go:76.103,80.2 1 0
github.com/movewp3/keycloakclient-controller/pkg/client/clientset/versioned/typed/keycloak/v1alpha1/fake/fake_keycloakrealm.go:83.164,87.16 2 0
github.com/movewp3/keycloakclient-controller/pkg/client/clientset/versioned/typed/keycloak/v1alpha1/fake/fake_keycloakrealm.go:87.16,89.3 1 0
github.com/movewp3/keycloakclient-controller/pkg/client/clientset/versioned/typed/keycloak/v1alpha1/fake/fake_keycloakrealm.go:90.2,90.43 1 0
github.com/movewp3/keycloakclient-controller/pkg/client/clientset/versioned/typed/keycloak/v1alpha1/fake/fake_keycloakrealm.go:94.164,98.16 2 0
github.com/movewp3/keycloakclient-controller/pkg/client/clientset/versioned/typed/keycloak/v1alpha1/fake/fake_keycloakrealm.go:98.16,100.3 1 0
github.com/movewp3/keycloakclient-controller/pkg/client/clientset/versioned/typed/keycloak/v1alpha1/fake/fake_keycloakrealm.go:101.2,101.43 1 0
github.com/movewp3/keycloakclient-controller/pkg/client/clientset/versioned/typed/keycloak/v1alpha1/fake/fake_keycloakrealm.go:106.159,110.16 2 0
github.com/movewp3/keycloakclient-controller/pkg/client/clientset/versioned/typed/keycloak/v1alpha1/fake/fake_keycloakrealm.go:110.16,112.3 1 0
github.com/movewp3/keycloakclient-controller/pkg/client/clientset/versioned/typed/keycloak/v1alpha1/fake/fake_keycloakrealm.go:113.2,113.43 1 0
github.com/movewp3/keycloakclient-controller/pkg/client/clientset/versioned/typed/keycloak/v1alpha1/fake/fake_keycloakrealm.go:117.100,122.2 2 0
github.com/movewp3/keycloakclient-controller/pkg/client/clientset/versioned/typed/keycloak/v1alpha1/fake/fake_keycloakrealm.go:125.122,130.2 3 0
github.com/movewp3/keycloakclient-controller/pkg/client/clientset/versioned/typed/keycloak/v1alpha1/fake/fake_keycloakrealm.go:133.193,137.16 2 0
github.com/movewp3/keycloakclient-controller/pkg/client/clientset/versioned/typed/keycloak/v1alpha1/fake/fake_keycloakrealm.go:137.16,139.3 1 0
github.com/movewp3/keycloakclient-controller/pkg/client/clientset/versioned/typed/keycloak/v1alpha1/fake/fake_keycloakrealm.go:140.2,140.43 1 0
github.com/movewp3/keycloakclient-controller/pkg/client/clientset/versioned/scheme/register.go:52.13,55.2 2 0
github.com/movewp3/keycloakclient-controller/pkg/client/clientset/versioned/typed/keycloak/v1alpha1/keycloak.go:59.75,64.2 1 0
github.com/movewp3/keycloakclient-controller/pkg/client/clientset/versioned/typed/keycloak/v1alpha1/keycloak.go:67.121,77.2 3 0
github.com/movewp3/keycloakclient-controller/pkg/client/clientset/versioned/typed/keycloak/v1alpha1/keycloak.go:80.111,82.32 2 0
github.com/movewp3/keycloakclient-controller/pkg/client/clientset/versioned/typed/keycloak/v1alpha1/keycloak.go:82.32,84.3 1 0
github.com/movewp3/keycloakclient-controller/pkg/client/clientset/versioned/typed/keycloak/v1alpha1/keycloak.go:85.2,93.8 3 0
github.com/movewp3/keycloakclient-controller/pkg/client/clientset/versioned/typed/keycloak/v1alpha1/keycloak.go:97.94,99.32 2 0
github.com/movewp3/keycloakclient-controller/pkg/client/clientset/versioned/typed/keycloak/v1alpha1/keycloak.go:99.32,101.3 1 0
github.com/movewp3/keycloakclient-controller/pkg/client/clientset/versioned/typed/keycloak/v1alpha1/keycloak.go:102.2,108.13 2 0
github.com/movewp3/keycloakclient-controller/pkg/client/clientset/versioned/typed/keycloak/v1alpha1/keycloak.go:112.140,122.2 3 0
github.com/movewp3/keycloakclient-controller/pkg/client/clientset/versioned/typed/keycloak/v1alpha1/keycloak.go:125.140,136.2 3 0
github.com/movewp3/keycloakclient-controller/pkg/client/clientset/versioned/typed/keycloak/v1alpha1/keycloak.go:140.146,152.2 3 0
github.com/movewp3/keycloakclient-controller/pkg/client/clientset/versioned/typed/keycloak/v1alpha1/keycloak.go:155.91,163.2 1 0
github.com/movewp3/keycloakclient-controller/pkg/client/clientset/versioned/typed/keycloak/v1alpha1/keycloak.go:166.113,168.36 2 0
github.com/movewp3/keycloakclient-controller/pkg/client/clientset/versioned/typed/keycloak/v1alpha1/keycloak.go:168.36,170.3 1 0
github.com/movewp3/keycloakclient-controller/pkg/client/clientset/versioned/typed/keycloak/v1alpha1/keycloak.go:171.2,178.10 1 0
github.com/movewp3/keycloakclient-controller/pkg/client/clientset/versioned/typed/keycloak/v1alpha1/keycloak.go:182.179,194.2 3 0
github.com/movewp3/keycloakclient-controller/pkg/client/clientset/versioned/typed/keycloak/v1alpha1/keycloak_client.go:40.80,42.2 1 0
github.com/movewp3/keycloakclient-controller/pkg/client/clientset/versioned/typed/keycloak/v1alpha1/keycloak_client.go:44.92,46.2 1 0
github.com/movewp3/keycloakclient-controller/pkg/client/clientset/versioned/typed/keycloak/v1alpha1/keycloak_client.go:48.90,50.2 1 0
github.com/movewp3/keycloakclient-controller/pkg/client/clientset/versioned/typed/keycloak/v1alpha1/keycloak_client.go:55.68,57.51 2 0
github.com/movewp3/keycloakclient-controller/pkg/client/clientset/versioned/typed/keycloak/v1alpha1/keycloak_client.go:57.51,59.3 1 0
github.com/movewp3/keycloakclient-controller/pkg/client/clientset/versioned/typed/keycloak/v1alpha1/keycloak_client.go:60.2,61.16 2 0
github.com/movewp3/keycloakclient-controller/pkg/client/clientset/versioned/typed/keycloak/v1alpha1/keycloak_client.go:61.16,63.3 1 0
github.com/movewp3/keycloakclient-controller/pkg/client/clientset/versioned/typed/keycloak/v1alpha1/keycloak_client.go:64.2,64.51 1 0
github.com/movewp3/keycloakclient-controller/pkg/client/clientset/versioned/typed/keycloak/v1alpha1/keycloak_client.go:69.93,71.51 2 0
github.com/movewp3/keycloakclient-controller/pkg/client/clientset/versioned/typed/keycloak/v1alpha1/keycloak_client.go:71.51,73.3 1 0
github.com/movewp3/keycloakclient-controller/pkg/client/clientset/versioned/typed/keycloak/v1alpha1/keycloak_client.go:74.2,75.16 2 0
github.com/movewp3/keycloakclient-controller/pkg/client/clientset/versioned/typed/keycloak/v1alpha1/keycloak_client.go:75.16,77.3 1 0
github.com/movewp3/keycloakclient-controller/pkg/client/clientset/versioned/typed/keycloak/v1alpha1/keycloak_client.go:78.2,78.45 1 0
github.com/movewp3/keycloakclient-controller/pkg/client/clientset/versioned/typed/keycloak/v1alpha1/keycloak_client.go:83.64,85.16 2 0
github.com/movewp3/keycloakclient-controller/pkg/client/clientset/versioned/typed/keycloak/v1alpha1/keycloak_client.go:85.16,86.13 1 0
github.com/movewp3/keycloakclient-controller/pkg/client/clientset/versioned/typed/keycloak/v1alpha1/keycloak_client.go:88.2,88.15 1 0
github.com/movewp3/keycloakclient-controller/pkg/client/clientset/versioned/typed/keycloak/v1alpha1/keycloak_client.go:92.52,94.2 1 0
github.com/movewp3/keycloakclient-controller/pkg/client/clientset/versioned/typed/keycloak/v1alpha1/keycloak_client.go:96.51,102.28 5 0
github.com/movewp3/keycloakclient-controller/pkg/client/clientset/versioned/typed/keycloak/v1alpha1/keycloak_client.go:102.28,104.3 1 0
github.com/movewp3/keycloakclient-controller/pkg/client/clientset/versioned/typed/keycloak/v1alpha1/keycloak_client.go:106.2,106.12 1 0
github.com/movewp3/keycloakclient-controller/pkg/client/clientset/versioned/typed/keycloak/v1alpha1/keycloak_client.go:111.62,112.14 1 0
github.com/movewp3/keycloakclient-controller/pkg/client/clientset/versioned/typed/keycloak/v1alpha1/keycloak_client.go:112.14,114.3 1 0
github.com/movewp3/keycloakclient-controller/pkg/client/clientset/versioned/typed/keycloak/v1alpha1/keycloak_client.go:115.2,115.21 1 0
github.com/movewp3/keycloakclient-controller/pkg/client/clientset/versioned/typed/keycloak/v1alpha1/keycloakclient.go:59.87,64.2 1 0
github.com/movewp3/keycloakclient-controller/pkg/client/clientset/versioned/typed/keycloak/v1alpha1/keycloakclient.go:67.133,77.2 3 0
github.com/movewp3/keycloakclient-controller/pkg/client/clientset/versioned/typed/keycloak/v1alpha1/keycloakclient.go:80.123,82.32 2 0
github.com/movewp3/keycloakclient-controller/pkg/client/clientset/versioned/typed/keycloak/v1alpha1/keycloakclient.go:82.32,84.3 1 0
github.com/movewp3/keycloakclient-controller/pkg/client/clientset/versioned/typed/keycloak/v1alpha1/keycloakclient.go:85.2,93.8 3 0
github.com/movewp3/keycloakclient-controller/pkg/client/clientset/versioned/typed/keycloak/v1alpha1/keycloakclient.go:97.100,99.32 2 0
github.com/movewp3/keycloakclient-controller/pkg/client/clientset/versioned/typed/keycloak/v1alpha1/keycloakclient.go:99.32,101.3 1 0
github.com/movewp3/keycloakclient-controller/pkg/client/clientset/versioned/typed/keycloak/v1alpha1/keycloakclient.go:102.2,108.13 2 0
github.com/movewp3/keycloakclient-controller/pkg/client/clientset/versioned/typed/keycloak/v1alpha1/keycloakclient.go:112.164,122.2 3 0
github.com/movewp3/keycloakclient-controller/pkg/client/clientset/versioned/typed/keycloak/v1alpha1/keycloakclient.go:125.164,136.2 3 0
github.com/movewp3/keycloakclient-controller/pkg/client/clientset/versioned/typed/keycloak/v1alpha1/keycloakclient.go:140.170,152.2 3 0
github.com/movewp3/keycloakclient-controller/pkg/client/clientset/versioned/typed/keycloak/v1alpha1/keycloakclient.go:155.97,163.2 1 0
github.com/movewp3/keycloakclient-controller/pkg/client/clientset/versioned/typed/keycloak/v1alpha1/keycloakclient.go:166.119,168.36 2 0
github.com/movewp3/keycloakclient-controller/pkg/client/clientset/versioned/typed/keycloak/v1alpha1/keycloakclient.go:168.36,170.3 1 0
github.com/movewp3/keycloakclient-controller/pkg/client/clientset/versioned/typed/keycloak/v1alpha1/keycloakclient.go:171.2,178.10 1 0
github.com/movewp3/keycloakclient-controller/pkg/client/clientset/versioned/typed/keycloak/v1alpha1/keycloakclient.go:182.191,194.2 3 0
github.com/movewp3/keycloakclient-controller/pkg/client/clientset/versioned/typed/keycloak/v1alpha1/keycloakrealm.go:59.85,64.2 1 0
github.com/movewp3/keycloakclient-controller/pkg/client/clientset/versioned/typed/keycloak/v1alpha1/keycloakrealm.go:67.131,77.2 3 0
github.com/movewp3/keycloakclient-controller/pkg/client/clientset/versioned/typed/keycloak/v1alpha1/keycloakrealm.go:80.121,82.32 2 0
github.com/movewp3/keycloakclient-controller/pkg/client/clientset/versioned/typed/keycloak/v1alpha1/keycloakrealm.go:82.32,84.3 1 0
github.com/movewp3/keycloakclient-controller/pkg/client/clientset/versioned/typed/keycloak/v1alpha1/keycloakrealm.go:85.2,93.8 3 0
github.com/movewp3/keycloakclient-controller/pkg/client/clientset/versioned/typed/keycloak/v1alpha1/keycloakrealm.go:97.99,99.32 2 0
github.com/movewp3/keycloakclient-controller/pkg/client/clientset/versioned/typed/keycloak/v1alpha1/keycloakrealm.go:99.32,101.3 1 0
github.com/movewp3/keycloakclient-controller/pkg/client/clientset/versioned/typed/keycloak/v1alpha1/keycloakrealm.go:102.2,108.13 2 0
github.com/movewp3/keycloakclient-controller/pkg/client/clientset/versioned/typed/keycloak/v1alpha1/keycloakrealm.go:112.160,122.2 3 0
github.com/movewp3/keycloakclient-controller/pkg/client/clientset/versioned/typed/keycloak/v1alpha1/keycloakrealm.go:125.160,136.2 3 0
github.com/movewp3/keycloakclient-controller/pkg/client/clientset/versioned/typed/keycloak/v1alpha1/keycloakrealm.go:140.166,152.2 3 0
github.com/movewp3/keycloakclient-controller/pkg/client/clientset/versioned/typed/keycloak/v1alpha1/keycloakrealm.go:155.96,163.2 1 0
github.com/movewp3/keycloakclient-controller/pkg/client/clientset/versioned/typed/keycloak/v1alpha1/keycloakrealm.go:166.118,168.36 2 0
github.com/movewp3/keycloakclient-controller/pkg/client/clientset/versioned/typed/keycloak/v1alpha1/keycloakrealm.go:168.36,170.3 1 0
github.com/movewp3/keycloakclient-controller/pkg/client/clientset/versioned/typed/keycloak/v1alpha1/keycloakrealm.go:171.2,178.10 1 0
github.com/movewp3/keycloakclient-controller/pkg/client/clientset/versioned/typed/keycloak/v1alpha1/keycloakrealm.go:182.189,194.2 3 0
github.com/movewp3/keycloakclient-controller/controllers/keycloak_controller.go:69.71,72.16 2 0
github.com/movewp3/keycloakclient-controller/controllers/keycloak_controller.go:72.16,74.3 1 0
github.com/movewp3/keycloakclient-controller/controllers/keycloak_controller.go:78.2,80.16 2 0
github.com/movewp3/keycloakclient-controller/controllers/keycloak_controller.go:80.16,82.3 1 0
github.com/movewp3/keycloakclient-controller/controllers/keycloak_controller.go:84.2,84.148 1 0
github.com/movewp3/keycloakclient-controller/controllers/keycloak_controller.go:84.148,86.3 1 0
github.com/movewp3/keycloakclient-controller/controllers/keycloak_controller.go:88.2,98.14 6 0
github.com/movewp3/keycloakclient-controller/controllers/keycloak_controller.go:110.70,122.2 4 0
github.com/movewp3/keycloakclient-controller/controllers/keycloak_controller.go:127.114,137.16 6 0
github.com/movewp3/keycloakclient-controller/controllers/keycloak_controller.go:137.16,138.33 1 0
github.com/movewp3/keycloakclient-controller/controllers/keycloak_controller.go:138.33,143.4 1 0
github.com/movewp3/keycloakclient-controller/controllers/keycloak_controller.go:145.3,145.33 1 0
github.com/movewp3/keycloakclient-controller/controllers/keycloak_controller.go:147.2,149.29 2 0
github.com/movewp3/keycloakclient-controller/controllers/keycloak_controller.go:149.29,151.3 1 0
github.com/movewp3/keycloakclient-controller/controllers/keycloak_controller.go:153.2,153.36 1 0
github.com/movewp3/keycloakclient-controller/controllers/keycloak_controller.go:153.36,155.3 1 0
github.com/movewp3/keycloakclient-controller/controllers/keycloak_controller.go:158.2,159.16 2 0
github.com/movewp3/keycloakclient-controller/controllers/keycloak_controller.go:159.16,161.3 1 0
github.com/movewp3/keycloakclient-controller/controllers/keycloak_controller.go:165.2,170.16 4 0
github.com/movewp3/keycloakclient-controller/controllers/keycloak_controller.go:170.16,172.3 1 0
github.com/movewp3/keycloakclient-controller/controllers/keycloak_controller.go:174.2,174.48 1 0
github.com/movewp3/keycloakclient-controller/controllers/keycloak_controller.go:177.118,187.16 7 0
github.com/movewp3/keycloakclient-controller/controllers/keycloak_controller.go:187.16,189.3 1 0
github.com/movewp3/keycloakclient-controller/controllers/keycloak_controller.go:191.2,194.8 1 0
github.com/movewp3/keycloakclient-controller/controllers/keycloak_controller.go:197.142,200.16 2 0
github.com/movewp3/keycloakclient-controller/controllers/keycloak_controller.go:200.16,202.3 1 0
github.com/movewp3/keycloakclient-controller/controllers/keycloak_controller.go:204.2,208.20 3 0
github.com/movewp3/keycloakclient-controller/controllers/keycloak_controller.go:208.20,210.3 1 0
github.com/movewp3/keycloakclient-controller/controllers/keycloak_controller.go:210.8,212.3 1 0
github.com/movewp3/keycloakclient-controller/controllers/keycloak_controller.go:214.2,214.38 1 0
github.com/movewp3/keycloakclient-controller/controllers/keycloak_controller.go:214.38,216.3 1 0
github.com/movewp3/keycloakclient-controller/controllers/keycloak_controller.go:219.2,219.45 1 0
github.com/movewp3/keycloakclient-controller/controllers/keycloak_controller.go:219.45,221.3 1 0
github.com/movewp3/keycloakclient-controller/controllers/keycloak_controller.go:223.2,226.16 3 0
github.com/movewp3/keycloakclient-controller/controllers/keycloak_controller.go:226.16,232.3 2 0
github.com/movewp3/keycloakclient-controller/controllers/keycloak_controller.go:234.2,235.66 2 0
github.com/movewp3/keycloakclient-controller/controllers/keycloak_controller.go:238.78,240.2 1 0
github.com/movewp3/keycloakclient-controller/controllers/keycloak_reconciler.go:13.135,19.2 3 0
github.com/movewp3/keycloakclient-controller/controllers/keycloak_reconciler.go:21.152,24.45 2 0
github.com/movewp3/keycloakclient-controller/controllers/keycloak_reconciler.go:24.45,29.3 1 0
github.com/movewp3/keycloakclient-controller/controllers/keycloak_reconciler.go:30.2,33.3 1 0
github.com/movewp3/keycloakclient-controller/controllers/keycloakclient_controller.go:72.110,81.16 6 0
github.com/movewp3/keycloakclient-controller/controllers/keycloakclient_controller.go:81.16,82.29 1 0
github.com/movewp3/keycloakclient-controller/controllers/keycloakclient_controller.go:82.29,87.4 1 0
github.com/movewp3/keycloakclient-controller/controllers/keycloakclient_controller.go:89.3,89.33 1 0
github.com/movewp3/keycloakclient-controller/controllers/keycloakclient_controller.go:92.2,97.16 3 0
github.com/movewp3/keycloakclient-controller/controllers/keycloakclient_controller.go:97.16,99.3 1 0
github.com/movewp3/keycloakclient-controller/controllers/keycloakclient_controller.go:100.2,101.37 2 0
github.com/movewp3/keycloakclient-controller/controllers/keycloakclient_controller.go:101.37,103.17 2 0
github.com/movewp3/keycloakclient-controller/controllers/keycloakclient_controller.go:103.17,105.4 1 0
github.com/movewp3/keycloakclient-controller/controllers/keycloakclient_controller.go:106.3,108.44 2 0
github.com/movewp3/keycloakclient-controller/controllers/keycloakclient_controller.go:108.44,112.18 3 0
github.com/movewp3/keycloakclient-controller/controllers/keycloakclient_controller.go:112.18,114.5 1 0
github.com/movewp3/keycloakclient-controller/controllers/keycloakclient_controller.go:117.4,130.18 5 0
github.com/movewp3/keycloakclient-controller/controllers/keycloakclient_controller.go:130.18,133.5 2 0
github.com/movewp3/keycloakclient-controller/controllers/keycloakclient_controller.go:137.4,145.59 6 0
github.com/movewp3/keycloakclient-controller/controllers/keycloakclient_controller.go:145.59,150.5 2 0
github.com/movewp3/keycloakclient-controller/controllers/keycloakclient_controller.go:152.4,152.18 1 0
github.com/movewp3/keycloakclient-controller/controllers/keycloakclient_controller.go:152.18,156.5 2 0
github.com/movewp3/keycloakclient-controller/controllers/keycloakclient_controller.go:160.2,160.103 1 0
github.com/movewp3/keycloakclient-controller/controllers/keycloakclient_controller.go:165.77,175.2 6 0
github.com/movewp3/keycloakclient-controller/controllers/keycloakclient_controller.go:178.76,179.38 1 0
github.com/movewp3/keycloakclient-controller/controllers/keycloakclient_controller.go:179.38,181.3 1 0
github.com/movewp3/keycloakclient-controller/controllers/keycloakclient_controller.go:182.2,182.34 1 0
github.com/movewp3/keycloakclient-controller/controllers/keycloakclient_controller.go:182.34,184.3 1 0
github.com/movewp3/keycloakclient-controller/controllers/keycloakclient_controller.go:185.2,185.62 1 0
github.com/movewp3/keycloakclient-controller/controllers/keycloakclient_controller.go:185.62,187.3 1 0
github.com/movewp3/keycloakclient-controller/controllers/keycloakclient_controller.go:190.97,196.16 5 0
github.com/movewp3/keycloakclient-controller/controllers/keycloakclient_controller.go:196.16,198.3 1 0
github.com/movewp3/keycloakclient-controller/controllers/keycloakclient_controller.go:201.2,202.46 2 0
github.com/movewp3/keycloakclient-controller/controllers/keycloakclient_controller.go:202.46,203.35 1 0
github.com/movewp3/keycloakclient-controller/controllers/keycloakclient_controller.go:203.35,205.9 2 0
github.com/movewp3/keycloakclient-controller/controllers/keycloakclient_controller.go:210.2,210.33 1 0
github.com/movewp3/keycloakclient-controller/controllers/keycloakclient_controller.go:210.33,212.53 2 0
github.com/movewp3/keycloakclient-controller/controllers/keycloakclient_controller.go:212.53,216.4 1 0
github.com/movewp3/keycloakclient-controller/controllers/keycloakclient_controller.go:217.3,217.13 1 0
github.com/movewp3/keycloakclient-controller/controllers/keycloakclient_controller.go:221.2,221.34 1 0
github.com/movewp3/keycloakclient-controller/controllers/keycloakclient_controller.go:221.34,227.53 4 0
github.com/movewp3/keycloakclient-controller/controllers/keycloakclient_controller.go:227.53,229.4 1 0
github.com/movewp3/keycloakclient-controller/controllers/keycloakclient_controller.go:230.3,233.44 2 0
github.com/movewp3/keycloakclient-controller/controllers/keycloakclient_controller.go:237.2,238.46 2 0
github.com/movewp3/keycloakclient-controller/controllers/keycloakclient_controller.go:238.46,239.35 1 0
github.com/movewp3/keycloakclient-controller/controllers/keycloakclient_controller.go:239.35,244.12 2 0
github.com/movewp3/keycloakclient-controller/controllers/keycloakclient_controller.go:246.3,246.51 1 0
github.com/movewp3/keycloakclient-controller/controllers/keycloakclient_controller.go:249.2,252.52 3 0
github.com/movewp3/keycloakclient-controller/controllers/keycloakclient_controller.go:252.52,254.3 1 0
github.com/movewp3/keycloakclient-controller/controllers/keycloakclient_controller.go:255.2,255.43 1 0
github.com/movewp3/keycloakclient-controller/controllers/keycloakclient_controller.go:258.111,269.16 7 0
github.com/movewp3/keycloakclient-controller/controllers/keycloakclient_controller.go:269.16,271.3 1 0
github.com/movewp3/keycloakclient-controller/controllers/keycloakclient_controller.go:273.2,276.8 1 0
github.com/movewp3/keycloakclient-controller/controllers/keycloakclient_reconciler.go:28.100,32.2 1 1
github.com/movewp3/keycloakclient-controller/controllers/keycloakclient_reconciler.go:34.134,38.33 3 1
github.com/movewp3/keycloakclient-controller/controllers/keycloakclient_reconciler.go:38.33,41.3 2 1
github.com/movewp3/keycloakclient-controller/controllers/keycloakclient_reconciler.go:43.2,43.25 1 1
github.com/movewp3/keycloakclient-controller/controllers/keycloakclient_reconciler.go:43.25,44.34 1 1
github.com/movewp3/keycloakclient-controller/controllers/keycloakclient_reconciler.go:44.34,47.18 2 0
github.com/movewp3/keycloakclient-controller/controllers/keycloakclient_reconciler.go:47.18,49.5 1 0
github.com/movewp3/keycloakclient-controller/controllers/keycloakclient_reconciler.go:49.10,50.34 1 0
github.com/movewp3/keycloakclient-controller/controllers/keycloakclient_reconciler.go:50.34,51.76 1 0
github.com/movewp3/keycloakclient-controller/controllers/keycloakclient_reconciler.go:51.76,54.7 2 0
github.com/movewp3/keycloakclient-controller/controllers/keycloakclient_reconciler.go:58.3,58.56 1 1
github.com/movewp3/keycloakclient-controller/controllers/keycloakclient_reconciler.go:59.8,60.34 1 1
github.com/movewp3/keycloakclient-controller/controllers/keycloakclient_reconciler.go:60.34,65.18 2 0
github.com/movewp3/keycloakclient-controller/controllers/keycloakclient_reconciler.go:65.18,67.5 1 0
github.com/movewp3/keycloakclient-controller/controllers/keycloakclient_reconciler.go:69.3,69.56 1 1
github.com/movewp3/keycloakclient-controller/controllers/keycloakclient_reconciler.go:72.2,72.31 1 1
github.com/movewp3/keycloakclient-controller/controllers/keycloakclient_reconciler.go:72.31,75.3 2 1
github.com/movewp3/keycloakclient-controller/controllers/keycloakclient_reconciler.go:75.8,77.3 1 1
github.com/movewp3/keycloakclient-controller/controllers/keycloakclient_reconciler.go:79.2,79.41 1 1
github.com/movewp3/keycloakclient-controller/controllers/keycloakclient_reconciler.go:79.41,83.3 1 1
github.com/movewp3/keycloakclient-controller/controllers/keycloakclient_reconciler.go:85.2,93.43 5 1
github.com/movewp3/keycloakclient-controller/controllers/keycloakclient_reconciler.go:93.43,95.3 1 0
github.com/movewp3/keycloakclient-controller/controllers/keycloakclient_reconciler.go:97.2,97.16 1 1
github.com/movewp3/keycloakclient-controller/controllers/keycloakclient_reconciler.go:100.147,108.96 2 1
github.com/movewp3/keycloakclient-controller/controllers/keycloakclient_reconciler.go:108.96,110.3 1 1
github.com/movewp3/keycloakclient-controller/controllers/keycloakclient_reconciler.go:111.2,111.36 1 1
github.com/movewp3/keycloakclient-controller/controllers/keycloakclient_reconciler.go:111.36,113.3 1 1
github.com/movewp3/keycloakclient-controller/controllers/keycloakclient_reconciler.go:117.2,118.35 2 1
github.com/movewp3/keycloakclient-controller/controllers/keycloakclient_reconciler.go:118.35,120.3 1 1
github.com/movewp3/keycloakclient-controller/controllers/keycloakclient_reconciler.go:121.2,123.37 3 1
github.com/movewp3/keycloakclient-controller/controllers/keycloakclient_reconciler.go:123.37,124.20 1 1
github.com/movewp3/keycloakclient-controller/controllers/keycloakclient_reconciler.go:124.20,127.33 3 1
github.com/movewp3/keycloakclient-controller/controllers/keycloakclient_reconciler.go:127.33,129.5 1 1
github.com/movewp3/keycloakclient-controller/controllers/keycloakclient_reconciler.go:136.2,136.37 1 1
github.com/movewp3/keycloakclient-controller/controllers/keycloakclient_reconciler.go:136.37,137.20 1 1
github.com/movewp3/keycloakclient-controller/controllers/keycloakclient_reconciler.go:137.20,138.64 1 1
github.com/movewp3/keycloakclient-controller/controllers/keycloakclient_reconciler.go:138.64,140.5 1 1
github.com/movewp3/keycloakclient-controller/controllers/keycloakclient_reconciler.go:140.10,142.5 1 1
github.com/movewp3/keycloakclient-controller/controllers/keycloakclient_reconciler.go:147.2,148.32 2 1
github.com/movewp3/keycloakclient-controller/controllers/keycloakclient_reconciler.go:148.32,150.3 1 1
github.com/movewp3/keycloakclient-controller/controllers/keycloakclient_reconciler.go:153.155,154.34 1 1
github.com/movewp3/keycloakclient-controller/controllers/keycloakclient_reconciler.go:154.34,156.3 1 1
github.com/movewp3/keycloakclient-controller/controllers/keycloakclient_reconciler.go:158.2,159.38 2 1
github.com/movewp3/keycloakclient-controller/controllers/keycloakclient_reconciler.go:159.38,161.3 1 1
github.com/movewp3/keycloakclient-controller/controllers/keycloakclient_reconciler.go:162.2,162.60 1 1
github.com/movewp3/keycloakclient-controller/controllers/keycloakclient_reconciler.go:162.60,164.3 1 1
github.com/movewp3/keycloakclient-controller/controllers/keycloakclient_reconciler.go:166.2,167.42 2 1
github.com/movewp3/keycloakclient-controller/controllers/keycloakclient_reconciler.go:167.42,169.3 1 1
github.com/movewp3/keycloakclient-controller/controllers/keycloakclient_reconciler.go:170.2,170.64 1 1
github.com/movewp3/keycloakclient-controller/controllers/keycloakclient_reconciler.go:170.64,172.3 1 1
github.com/movewp3/keycloakclient-controller/controllers/keycloakclient_reconciler.go:175.50,177.12 2 0
github.com/movewp3/keycloakclient-controller/controllers/keycloakclient_reconciler.go:177.12,179.3 1 0
github.com/movewp3/keycloakclient-controller/controllers/keycloakclient_reconciler.go:181.2,181.58 1 0
github.com/movewp3/keycloakclient-controller/controllers/keycloakclient_reconciler.go:184.154,192.33 4 1
github.com/movewp3/keycloakclient-controller/controllers/keycloakclient_reconciler.go:192.33,193.60 1 0
github.com/movewp3/keycloakclient-controller/controllers/keycloakclient_reconciler.go:193.60,194.67 1 0
github.com/movewp3/keycloakclient-controller/controllers/keycloakclient_reconciler.go:194.67,198.5 2 0
github.com/movewp3/keycloakclient-controller/controllers/keycloakclient_reconciler.go:200.3,200.16 1 0
github.com/movewp3/keycloakclient-controller/controllers/keycloakclient_reconciler.go:200.16,202.4 1 0
github.com/movewp3/keycloakclient-controller/controllers/keycloakclient_reconciler.go:206.2,209.53 3 1
github.com/movewp3/keycloakclient-controller/controllers/keycloakclient_reconciler.go:209.53,211.3 1 1
github.com/movewp3/keycloakclient-controller/controllers/keycloakclient_reconciler.go:213.2,214.57 2 1
github.com/movewp3/keycloakclient-controller/controllers/keycloakclient_reconciler.go:214.57,216.3 1 0
github.com/movewp3/keycloakclient-controller/controllers/keycloakclient_reconciler.go:218.2,221.54 3 1
github.com/movewp3/keycloakclient-controller/controllers/keycloakclient_reconciler.go:221.54,223.3 1 1
github.com/movewp3/keycloakclient-controller/controllers/keycloakclient_reconciler.go:225.2,226.58 2 1
github.com/movewp3/keycloakclient-controller/controllers/keycloakclient_reconciler.go:226.58,228.3 1 1
github.com/movewp3/keycloakclient-controller/controllers/keycloakclient_reconciler.go:231.161,232.42 1 0
github.com/movewp3/keycloakclient-controller/controllers/keycloakclient_reconciler.go:232.42,236.3 3 0
github.com/movewp3/keycloakclient-controller/controllers/keycloakclient_reconciler.go:236.8,238.3 1 0
github.com/movewp3/keycloakclient-controller/controllers/keycloakclient_reconciler.go:242.71,245.2 2 1
github.com/movewp3/keycloakclient-controller/controllers/keycloakclient_reconciler.go:249.120,251.14 1 1
github.com/movewp3/keycloakclient-controller/controllers/keycloakclient_reconciler.go:251.14,253.3 1 1
github.com/movewp3/keycloakclient-controller/controllers/keycloakclient_reconciler.go:254.2,254.14 1 1
github.com/movewp3/keycloakclient-controller/controllers/keycloakclient_reconciler.go:254.14,256.3 1 1
github.com/movewp3/keycloakclient-controller/controllers/keycloakclient_reconciler.go:258.2,267.51 4 1
github.com/movewp3/keycloakclient-controller/controllers/keycloakclient_reconciler.go:267.51,269.3 1 1
github.com/movewp3/keycloakclient-controller/controllers/keycloakclient_reconciler.go:270.2,270.51 1 1
github.com/movewp3/keycloakclient-controller/controllers/keycloakclient_reconciler.go:270.51,271.42 1 1
github.com/movewp3/keycloakclient-controller/controllers/keycloakclient_reconciler.go:271.42,273.4 1 1
github.com/movewp3/keycloakclient-controller/controllers/keycloakclient_reconciler.go:277.2,277.38 1 1
github.com/movewp3/keycloakclient-controller/controllers/keycloakclient_reconciler.go:277.38,281.22 4 1
github.com/movewp3/keycloakclient-controller/controllers/keycloakclient_reconciler.go:281.22,287.4 1 1
github.com/movewp3/keycloakclient-controller/controllers/keycloakclient_reconciler.go:290.2,290.10 1 1
github.com/movewp3/keycloakclient-controller/controllers/keycloakclient_reconciler.go:294.160,298.58 3 1
github.com/movewp3/keycloakclient-controller/controllers/keycloakclient_reconciler.go:298.58,301.58 2 0
github.com/movewp3/keycloakclient-controller/controllers/keycloakclient_reconciler.go:301.58,302.47 1 0
github.com/movewp3/keycloakclient-controller/controllers/keycloakclient_reconciler.go:302.47,304.10 2 0
github.com/movewp3/keycloakclient-controller/controllers/keycloakclient_reconciler.go:307.3,307.13 1 0
github.com/movewp3/keycloakclient-controller/controllers/keycloakclient_reconciler.go:307.13,311.45 2 0
github.com/movewp3/keycloakclient-controller/controllers/keycloakclient_reconciler.go:311.45,312.41 1 0
github.com/movewp3/keycloakclient-controller/controllers/keycloakclient_reconciler.go:312.41,314.11 2 0
github.com/movewp3/keycloakclient-controller/controllers/keycloakclient_reconciler.go:321.4,321.103 1 0
github.com/movewp3/keycloakclient-controller/controllers/keycloakclient_reconciler.go:327.2,327.57 1 1
github.com/movewp3/keycloakclient-controller/controllers/keycloakclient_reconciler.go:327.57,329.66 2 0
github.com/movewp3/keycloakclient-controller/controllers/keycloakclient_reconciler.go:329.66,330.54 1 0
github.com/movewp3/keycloakclient-controller/controllers/keycloakclient_reconciler.go:330.54,332.10 2 0
github.com/movewp3/keycloakclient-controller/controllers/keycloakclient_reconciler.go:335.3,335.13 1 0
github.com/movewp3/keycloakclient-controller/controllers/keycloakclient_reconciler.go:335.13,337.4 1 0
github.com/movewp3/keycloakclient-controller/controllers/keycloakclient_reconciler.go:340.2,340.32 1 1
github.com/movewp3/keycloakclient-controller/controllers/keycloakclient_reconciler.go:340.32,342.3 1 0
github.com/movewp3/keycloakclient-controller/controllers/keycloakclient_reconciler.go:344.2,344.34 1 1
github.com/movewp3/keycloakclient-controller/controllers/keycloakclient_reconciler.go:344.34,346.3 1 0
github.com/movewp3/keycloakclient-controller/controllers/keycloakclient_reconciler.go:349.81,353.2 1 1
github.com/movewp3/keycloakclient-controller/controllers/keycloakclient_reconciler.go:355.138,361.2 1 1
github.com/movewp3/keycloakclient-controller/controllers/keycloakclient_reconciler.go:363.138,369.2 1 1
[...]
github.com/movewp3/keycloakclient-controller/pkg/common/cluster_actions.go:104.16,106.3 1 0
github.com/movewp3/keycloakclient-controller/pkg/common/cluster_actions.go:108.2,109.16 2 0
github.com/movewp3/keycloakclient-controller/pkg/common/cluster_actions.go:109.16,111.3 1 0
github.com/movewp3/keycloakclient-controller/pkg/common/cluster_actions.go:113.2,113.12 1 0
github.com/movewp3/keycloakclient-controller/pkg/common/cluster_actions.go:116.63,118.16 2 0
github.com/movewp3/keycloakclient-controller/pkg/common/cluster_actions.go:118.16,120.3 1 0
github.com/movewp3/keycloakclient-controller/pkg/common/cluster_actions.go:122.2,122.40 1 0
github.com/movewp3/keycloakclient-controller/pkg/common/cluster_actions.go:125.63,127.2 1 0
github.com/movewp3/keycloakclient-controller/pkg/common/cluster_actions.go:130.78,131.29 1 0
github.com/movewp3/keycloakclient-controller/pkg/common/cluster_actions.go:131.29,133.3 1 0
github.com/movewp3/keycloakclient-controller/pkg/common/cluster_actions.go:135.2,136.12 2 0
github.com/movewp3/keycloakclient-controller/pkg/common/cluster_actions.go:139.50,141.12 2 0
github.com/movewp3/keycloakclient-controller/pkg/common/cluster_actions.go:141.12,143.3 1 0
github.com/movewp3/keycloakclient-controller/pkg/common/cluster_actions.go:145.2,145.58 1 0
github.com/movewp3/keycloakclient-controller/pkg/common/cluster_actions.go:148.94,150.29 1 0
github.com/movewp3/keycloakclient-controller/pkg/common/cluster_actions.go:150.29,152.3 1 0
github.com/movewp3/keycloakclient-controller/pkg/common/cluster_actions.go:154.2,158.34 4 0
github.com/movewp3/keycloakclient-controller/pkg/common/cluster_actions.go:158.34,159.60 1 0
github.com/movewp3/keycloakclient-controller/pkg/common/cluster_actions.go:159.60,160.68 1 0
github.com/movewp3/keycloakclient-controller/pkg/common/cluster_actions.go:160.68,165.5 3 0
github.com/movewp3/keycloakclient-controller/pkg/common/cluster_actions.go:167.3,167.16 1 0
github.com/movewp3/keycloakclient-controller/pkg/common/cluster_actions.go:167.16,169.4 1 0
github.com/movewp3/keycloakclient-controller/pkg/common/cluster_actions.go:172.2,176.16 3 0
github.com/movewp3/keycloakclient-controller/pkg/common/cluster_actions.go:176.16,184.53 4 0
github.com/movewp3/keycloakclient-controller/pkg/common/cluster_actions.go:184.53,188.4 2 0
github.com/movewp3/keycloakclient-controller/pkg/common/cluster_actions.go:189.3,189.30 1 0
github.com/movewp3/keycloakclient-controller/pkg/common/cluster_actions.go:189.30,193.4 2 0
github.com/movewp3/keycloakclient-controller/pkg/common/cluster_actions.go:195.3,195.41 1 0
github.com/movewp3/keycloakclient-controller/pkg/common/cluster_actions.go:198.2,200.66 2 0
github.com/movewp3/keycloakclient-controller/pkg/common/cluster_actions.go:200.66,205.18 3 0
github.com/movewp3/keycloakclient-controller/pkg/common/cluster_actions.go:205.18,207.4 1 0
github.com/movewp3/keycloakclient-controller/pkg/common/cluster_actions.go:208.3,209.18 2 0
github.com/movewp3/keycloakclient-controller/pkg/common/cluster_actions.go:209.18,211.4 1 0
github.com/movewp3/keycloakclient-controller/pkg/common/cluster_actions.go:212.3,216.17 3 0
github.com/movewp3/keycloakclient-controller/pkg/common/cluster_actions.go:216.17,224.54 4 0
github.com/movewp3/keycloakclient-controller/pkg/common/cluster_actions.go:224.54,228.5 2 0
github.com/movewp3/keycloakclient-controller/pkg/common/cluster_actions.go:229.4,229.31 1 0
github.com/movewp3/keycloakclient-controller/pkg/common/cluster_actions.go:229.31,233.5 2 0
github.com/movewp3/keycloakclient-controller/pkg/common/cluster_actions.go:235.4,235.42 1 0
github.com/movewp3/keycloakclient-controller/pkg/common/cluster_actions.go:239.2,239.12 1 0
github.com/movewp3/keycloakclient-controller/pkg/common/cluster_actions.go:243.94,244.29 1 0
github.com/movewp3/keycloakclient-controller/pkg/common/cluster_actions.go:244.29,246.3 1 0
github.com/movewp3/keycloakclient-controller/pkg/common/cluster_actions.go:247.2,247.62 1 0
github.com/movewp3/keycloakclient-controller/pkg/common/cluster_actions.go:250.133,251.29 1 0
github.com/movewp3/keycloakclient-controller/pkg/common/cluster_actions.go:251.29,253.3 1 0
github.com/movewp3/keycloakclient-controller/pkg/common/cluster_actions.go:254.2,255.12 2 0
github.com/movewp3/keycloakclient-controller/pkg/common/cluster_actions.go:258.142,259.29 1 0
github.com/movewp3/keycloakclient-controller/pkg/common/cluster_actions.go:259.29,261.3 1 0
github.com/movewp3/keycloakclient-controller/pkg/common/cluster_actions.go:262.2,262.84 1 0
github.com/movewp3/keycloakclient-controller/pkg/common/cluster_actions.go:265.104,266.29 1 0
github.com/movewp3/keycloakclient-controller/pkg/common/cluster_actions.go:266.29,268.3 1 0
github.com/movewp3/keycloakclient-controller/pkg/common/cluster_actions.go:269.2,269.75 1 0
github.com/movewp3/keycloakclient-controller/pkg/common/cluster_actions.go:272.164,273.29 1 0
github.com/movewp3/keycloakclient-controller/pkg/common/cluster_actions.go:273.29,275.3 1 0
github.com/movewp3/keycloakclient-controller/pkg/common/cluster_actions.go:276.2,276.101 1 0
github.com/movewp3/keycloakclient-controller/pkg/common/cluster_actions.go:279.164,280.29 1 0
github.com/movewp3/keycloakclient-controller/pkg/common/cluster_actions.go:280.29,282.3 1 0
github.com/movewp3/keycloakclient-controller/pkg/common/cluster_actions.go:283.2,283.101 1 0
github.com/movewp3/keycloakclient-controller/pkg/common/cluster_actions.go:286.173,287.29 1 0
github.com/movewp3/keycloakclient-controller/pkg/common/cluster_actions.go:287.29,289.3 1 0
github.com/movewp3/keycloakclient-controller/pkg/common/cluster_actions.go:290.2,290.102 1 0
github.com/movewp3/keycloakclient-controller/pkg/common/cluster_actions.go:293.166,294.29 1 0
github.com/movewp3/keycloakclient-controller/pkg/common/cluster_actions.go:294.29,296.3 1 0
github.com/movewp3/keycloakclient-controller/pkg/common/cluster_actions.go:297.2,297.104 1 0
github.com/movewp3/keycloakclient-controller/pkg/common/cluster_actions.go:300.166,301.29 1 0
github.com/movewp3/keycloakclient-controller/pkg/common/cluster_actions.go:301.29,303.3 1 0
github.com/movewp3/keycloakclient-controller/pkg/common/cluster_actions.go:304.2,304.104 1 0
github.com/movewp3/keycloakclient-controller/pkg/common/cluster_actions.go:307.167,308.29 1 0
github.com/movewp3/keycloakclient-controller/pkg/common/cluster_actions.go:308.29,310.3 1 0
github.com/movewp3/keycloakclient-controller/pkg/common/cluster_actions.go:311.2,311.105 1 0
github.com/movewp3/keycloakclient-controller/pkg/common/cluster_actions.go:314.167,315.29 1 0
github.com/movewp3/keycloakclient-controller/pkg/common/cluster_actions.go:315.29,317.3 1 0
github.com/movewp3/keycloakclient-controller/pkg/common/cluster_actions.go:318.2,318.105 1 0
github.com/movewp3/keycloakclient-controller/pkg/common/cluster_actions.go:321.173,322.29 1 0
github.com/movewp3/keycloakclient-controller/pkg/common/cluster_actions.go:322.29,324.3 1 0
github.com/movewp3/keycloakclient-controller/pkg/common/cluster_actions.go:325.2,325.102 1 0
github.com/movewp3/keycloakclient-controller/pkg/common/cluster_actions.go:329.78,330.29 1 0
github.com/movewp3/keycloakclient-controller/pkg/common/cluster_actions.go:330.29,332.3 1 0
github.com/movewp3/keycloakclient-controller/pkg/common/cluster_actions.go:333.2,333.59 1 0
github.com/movewp3/keycloakclient-controller/pkg/common/cluster_actions.go:336.94,337.29 1 0
github.com/movewp3/keycloakclient-controller/pkg/common/cluster_actions.go:337.29,339.3 1 0
github.com/movewp3/keycloakclient-controller/pkg/common/cluster_actions.go:340.2,340.65 1 0
github.com/movewp3/keycloakclient-controller/pkg/common/cluster_actions.go:344.44,345.29 1 0
github.com/movewp3/keycloakclient-controller/pkg/common/cluster_actions.go:345.29,347.3 1 0
github.com/movewp3/keycloakclient-controller/pkg/common/cluster_actions.go:348.2,348.32 1 0
github.com/movewp3/keycloakclient-controller/pkg/common/cluster_actions.go:351.107,352.29 1 0
github.com/movewp3/keycloakclient-controller/pkg/common/cluster_actions.go:352.29,354.3 1 0
github.com/movewp3/keycloakclient-controller/pkg/common/cluster_actions.go:356.2,357.12 2 0
github.com/movewp3/keycloakclient-controller/pkg/common/cluster_actions.go:360.107,361.29 1 0
github.com/movewp3/keycloakclient-controller/pkg/common/cluster_actions.go:361.29,363.3 1 0
github.com/movewp3/keycloakclient-controller/pkg/common/cluster_actions.go:364.2,364.65 1 0
github.com/movewp3/keycloakclient-controller/pkg/common/cluster_actions.go:367.118,368.29 1 0
github.com/movewp3/keycloakclient-controller/pkg/common/cluster_actions.go:368.29,370.3 1 0
github.com/movewp3/keycloakclient-controller/pkg/common/cluster_actions.go:372.2,373.12 2 0
github.com/movewp3/keycloakclient-controller/pkg/common/cluster_actions.go:376.118,377.29 1 0
github.com/movewp3/keycloakclient-controller/pkg/common/cluster_actions.go:377.29,379.3 1 0
github.com/movewp3/keycloakclient-controller/pkg/common/cluster_actions.go:380.2,380.76 1 0
github.com/movewp3/keycloakclient-controller/pkg/common/cluster_actions.go:383.123,384.29 1 0
github.com/movewp3/keycloakclient-controller/pkg/common/cluster_actions.go:384.29,386.3 1 0
github.com/movewp3/keycloakclient-controller/pkg/common/cluster_actions.go:387.2,387.80 1 0
github.com/movewp3/keycloakclient-controller/pkg/common/cluster_actions.go:390.126,391.29 1 0
github.com/movewp3/keycloakclient-controller/pkg/common/cluster_actions.go:391.29,393.3 1 0
github.com/movewp3/keycloakclient-controller/pkg/common/cluster_actions.go:394.2,394.83 1 0
github.com/movewp3/keycloakclient-controller/pkg/common/cluster_actions.go:564.71,566.2 1 0
github.com/movewp3/keycloakclient-controller/pkg/common/cluster_actions.go:568.71,570.2 1 0
github.com/movewp3/keycloakclient-controller/pkg/common/cluster_actions.go:572.71,574.2 1 0
github.com/movewp3/keycloakclient-controller/pkg/common/cluster_actions.go:576.70,578.2 1 0
github.com/movewp3/keycloakclient-controller/pkg/common/cluster_actions.go:580.70,582.2 1 0
github.com/movewp3/keycloakclient-controller/pkg/common/cluster_actions.go:584.74,586.2 1 0
github.com/movewp3/keycloakclient-controller/pkg/common/cluster_actions.go:588.74,590.2 1 0
github.com/movewp3/keycloakclient-controller/pkg/common/cluster_actions.go:592.74,594.2 1 0
github.com/movewp3/keycloakclient-controller/pkg/common/cluster_actions.go:596.73,598.2 1 0
github.com/movewp3/keycloakclient-controller/pkg/common/cluster_actions.go:600.76,602.2 1 0
github.com/movewp3/keycloakclient-controller/pkg/common/cluster_actions.go:604.88,606.2 1 0
github.com/movewp3/keycloakclient-controller/pkg/common/cluster_actions.go:608.88,610.2 1 0
github.com/movewp3/keycloakclient-controller/pkg/common/cluster_actions.go:612.89,614.2 1 0
github.com/movewp3/keycloakclient-controller/pkg/common/cluster_actions.go:616.89,618.2 1 0
github.com/movewp3/keycloakclient-controller/pkg/common/cluster_actions.go:620.88,622.2 1 0
github.com/movewp3/keycloakclient-controller/pkg/common/cluster_actions.go:624.88,626.2 1 0
github.com/movewp3/keycloakclient-controller/pkg/common/cluster_actions.go:628.89,630.2 1 0
github.com/movewp3/keycloakclient-controller/pkg/common/cluster_actions.go:632.89,634.2 1 0
github.com/movewp3/keycloakclient-controller/pkg/common/cluster_actions.go:636.70,638.2 1 0
github.com/movewp3/keycloakclient-controller/pkg/common/cluster_actions.go:640.62,642.2 1 0
github.com/movewp3/keycloakclient-controller/pkg/common/cluster_actions.go:644.73,646.2 1 0
github.com/movewp3/keycloakclient-controller/pkg/common/cluster_actions.go:648.73,650.2 1 0
github.com/movewp3/keycloakclient-controller/pkg/common/cluster_actions.go:652.74,654.2 1 0
github.com/movewp3/keycloakclient-controller/pkg/common/cluster_actions.go:656.74,658.2 1 0
github.com/movewp3/keycloakclient-controller/pkg/common/cluster_state.go:19.83,20.19 1 0
github.com/movewp3/keycloakclient-controller/pkg/common/cluster_state.go:20.19,22.3 1 0
github.com/movewp3/keycloakclient-controller/pkg/common/cluster_state.go:23.2,23.11 1 0
github.com/movewp3/keycloakclient-controller/pkg/common/cluster_state.go:26.87,27.33 1 0
github.com/movewp3/keycloakclient-controller/pkg/common/cluster_state.go:27.33,29.3 1 0
github.com/movewp3/keycloakclient-controller/pkg/common/cluster_state.go:30.2,30.11 1 0
github.com/movewp3/keycloakclient-controller/pkg/common/cluster_state.go:38.38,40.2 1 0
github.com/movewp3/keycloakclient-controller/pkg/common/cluster_state.go:42.109,44.16 2 0
github.com/movewp3/keycloakclient-controller/pkg/common/cluster_state.go:44.16,46.3 1 0
github.com/movewp3/keycloakclient-controller/pkg/common/cluster_state.go:49.2,49.12 1 0
github.com/movewp3/keycloakclient-controller/pkg/common/cluster_state.go:52.140,58.16 4 0
github.com/movewp3/keycloakclient-controller/pkg/common/cluster_state.go:58.16,60.60 1 0
github.com/movewp3/keycloakclient-controller/pkg/common/cluster_state.go:60.60,62.4 1 0
github.com/movewp3/keycloakclient-controller/pkg/common/cluster_state.go:62.9,64.4 1 0
github.com/movewp3/keycloakclient-controller/pkg/common/cluster_state.go:65.8,68.3 2 0
github.com/movewp3/keycloakclient-controller/pkg/common/cluster_state.go:69.2,69.12 1 0
github.com/movewp3/keycloakclient-controller/pkg/common/cluster_state.go:72.72,73.23 1 0
github.com/movewp3/keycloakclient-controller/pkg/common/cluster_state.go:73.23,75.3 1 0
github.com/movewp3/keycloakclient-controller/pkg/common/cluster_state.go:77.2,77.18 1 0
github.com/movewp3/keycloakclient-controller/pkg/common/controller_utils.go:26.156,33.31 5 0
github.com/movewp3/keycloakclient-controller/pkg/common/controller_utils.go:33.31,35.3 1 0
github.com/movewp3/keycloakclient-controller/pkg/common/controller_utils.go:38.2,47.16 2 0
github.com/movewp3/keycloakclient-controller/pkg/common/controller_utils.go:47.16,51.3 3 0
github.com/movewp3/keycloakclient-controller/pkg/common/controller_utils.go:53.2,55.12 3 0
github.com/movewp3/keycloakclient-controller/pkg/common/controller_utils.go:58.67,60.2 1 0
github.com/movewp3/keycloakclient-controller/pkg/common/controller_utils.go:63.129,71.2 4 0
github.com/movewp3/keycloakclient-controller/pkg/common/controller_utils.go:74.131,82.2 4 0
github.com/movewp3/keycloakclient-controller/pkg/common/realm_state.go:18.79,23.2 1 0
github.com/movewp3/keycloakclient-controller/pkg/common/realm_state.go:25.118,27.16 2 0
github.com/movewp3/keycloakclient-controller/pkg/common/realm_state.go:27.16,30.3 2 0
github.com/movewp3/keycloakclient-controller/pkg/common/realm_state.go:32.2,33.18 2 0
github.com/movewp3/keycloakclient-controller/pkg/common/realm_state.go:33.18,35.3 1 0
github.com/movewp3/keycloakclient-controller/pkg/common/realm_state.go:37.2,37.12 1 0
github.com/movewp3/keycloakclient-controller/pkg/common/state_manager.go:13.38,14.17 1 1
github.com/movewp3/keycloakclient-controller/pkg/common/state_manager.go:14.17,17.3 2 1
github.com/movewp3/keycloakclient-controller/pkg/common/state_manager.go:18.2,18.18 1 1
github.com/movewp3/keycloakclient-controller/pkg/common/state_manager.go:21.58,25.2 3 1
github.com/movewp3/keycloakclient-controller/pkg/common/state_manager.go:27.65,31.2 3 1
github.com/movewp3/keycloakclient-controller/pkg/common/state_manager.go:33.33,37.2 3 0
github.com/movewp3/keycloakclient-controller/pkg/common/user_state.go:25.58,31.2 1 0
github.com/movewp3/keycloakclient-controller/pkg/common/user_state.go:33.173,35.17 1 0
github.com/movewp3/keycloakclient-controller/pkg/common/user_state.go:35.17,37.3 1 0
github.com/movewp3/keycloakclient-controller/pkg/common/user_state.go:39.2,42.16 3 0
github.com/movewp3/keycloakclient-controller/pkg/common/user_state.go:42.16,44.3 1 0
github.com/movewp3/keycloakclient-controller/pkg/common/user_state.go:46.2,47.16 2 0
github.com/movewp3/keycloakclient-controller/pkg/common/user_state.go:47.16,49.3 1 0
github.com/movewp3/keycloakclient-controller/pkg/common/user_state.go:51.2,51.46 1 0
github.com/movewp3/keycloakclient-controller/pkg/common/user_state.go:54.82,57.16 2 0
github.com/movewp3/keycloakclient-controller/pkg/common/user_state.go:57.16,59.3 1 0
github.com/movewp3/keycloakclient-controller/pkg/common/user_state.go:60.2,64.16 3 0
github.com/movewp3/keycloakclient-controller/pkg/common/user_state.go:64.16,66.3 1 0
github.com/movewp3/keycloakclient-controller/pkg/common/user_state.go:67.2,69.12 2 0
github.com/movewp3/keycloakclient-controller/pkg/common/user_state.go:72.83,74.16 2 0
github.com/movewp3/keycloakclient-controller/pkg/common/user_state.go:74.16,76.3 1 0
github.com/movewp3/keycloakclient-controller/pkg/common/user_state.go:77.2,79.28 2 0
github.com/movewp3/keycloakclient-controller/pkg/common/user_state.go:79.28,82.17 2 0
github.com/movewp3/keycloakclient-controller/pkg/common/user_state.go:82.17,84.4 1 0
github.com/movewp3/keycloakclient-controller/pkg/common/user_state.go:85.3,89.17 3 0
github.com/movewp3/keycloakclient-controller/pkg/common/user_state.go:89.17,91.4 1 0
github.com/movewp3/keycloakclient-controller/pkg/common/user_state.go:92.3,92.54 1 0
github.com/movewp3/keycloakclient-controller/pkg/common/user_state.go:94.2,94.12 1 0
github.com/movewp3/keycloakclient-controller/pkg/common/user_state.go:97.100,103.16 4 0
github.com/movewp3/keycloakclient-controller/pkg/common/user_state.go:103.16,104.29 1 0
github.com/movewp3/keycloakclient-controller/pkg/common/user_state.go:104.29,106.4 1 0
github.com/movewp3/keycloakclient-controller/pkg/common/user_state.go:107.3,107.13 1 0
github.com/movewp3/keycloakclient-controller/pkg/common/user_state.go:110.2,111.12 2 0
github.com/movewp3/keycloakclient-controller/pkg/common/user_state.go:116.83,117.45 1 0
github.com/movewp3/keycloakclient-controller/pkg/common/user_state.go:117.45,118.24 1 0
github.com/movewp3/keycloakclient-controller/pkg/common/user_state.go:118.24,120.4 1 0
github.com/movewp3/keycloakclient-controller/pkg/common/user_state.go:122.2,122.12 1 0
github.com/movewp3/keycloakclient-controller/pkg/common/user_state.go:127.94,128.56 1 0
github.com/movewp3/keycloakclient-controller/pkg/common/user_state.go:128.56,129.24 1 0
github.com/movewp3/keycloakclient-controller/pkg/common/user_state.go:129.24,131.4 1 0
github.com/movewp3/keycloakclient-controller/pkg/common/user_state.go:133.2,133.12 1 0
github.com/movewp3/keycloakclient-controller/pkg/common/user_state.go:138.80,139.35 1 0
github.com/movewp3/keycloakclient-controller/pkg/common/user_state.go:139.35,140.34 1 0
github.com/movewp3/keycloakclient-controller/pkg/common/user_state.go:140.34,142.4 1 0
github.com/movewp3/keycloakclient-controller/pkg/common/user_state.go:144.2,144.12 1 0
github.com/movewp3/keycloakclient-controller/pkg/k8sutil/k8sutil.go:11.42,18.12 3 0
github.com/movewp3/keycloakclient-controller/pkg/k8sutil/k8sutil.go:18.12,20.3 1 0
github.com/movewp3/keycloakclient-controller/pkg/k8sutil/k8sutil.go:21.2,21.16 1 0
github.com/movewp3/keycloakclient-controller/pkg/k8sutil/k8sutil.go:36.47,37.22 1 0
github.com/movewp3/keycloakclient-controller/pkg/k8sutil/k8sutil.go:37.22,39.3 1 0
github.com/movewp3/keycloakclient-controller/pkg/k8sutil/k8sutil.go:40.2,41.16 2 0
github.com/movewp3/keycloakclient-controller/pkg/k8sutil/k8sutil.go:41.16,42.25 1 0
github.com/movewp3/keycloakclient-controller/pkg/k8sutil/k8sutil.go:42.25,44.4 1 0
github.com/movewp3/keycloakclient-controller/pkg/k8sutil/k8sutil.go:45.3,45.17 1 0
github.com/movewp3/keycloakclient-controller/pkg/k8sutil/k8sutil.go:47.2,48.16 2 0
github.com/movewp3/keycloakclient-controller/pkg/k8sutil/k8sutil.go:51.28,53.2 1 0
github.com/movewp3/keycloakclient-controller/pkg/k8sutil/k8sutil.go:56.30,58.16 2 0
github.com/movewp3/keycloakclient-controller/pkg/k8sutil/k8sutil.go:58.16,60.3 1 0
github.com/movewp3/keycloakclient-controller/pkg/k8sutil/k8sutil.go:62.2,62.28 1 0
github.com/movewp3/keycloakclient-controller/pkg/k8sutil/k8sutil.go:65.39,79.22 1 0
github.com/movewp3/keycloakclient-controller/pkg/k8sutil/k8sutil.go:79.22,81.3 1 0
github.com/movewp3/keycloakclient-controller/pkg/k8sutil/k8sutil.go:83.2,83.14 1 0
